DEBUG    [2012-08-11 12:24:53,701] 80
DEBUG    [2012-08-11 12:25:39,760] 80
DEBUG    [2012-08-11 12:25:46,011] 80
DEBUG    [2012-08-11 12:27:22,893] 80
DEBUG    [2012-08-11 12:28:36,561] 80
DEBUG    [2012-08-11 12:28:42,469] 80
DEBUG    [2012-08-11 12:28:43,384] 80
DEBUG    [2012-08-11 12:28:43,711] 80
DEBUG    [2012-08-11 12:28:44,052] 80
DEBUG    [2012-08-11 12:28:44,370] 80
DEBUG    [2012-08-11 12:28:44,666] 80
DEBUG    [2012-08-11 12:28:44,892] 80
DEBUG    [2012-08-11 12:36:18,680] 80
DEBUG    [2012-08-11 13:10:05,865] 80
DEBUG    [2012-08-20 21:34:38,023] 21:34:38startLive
DEBUG    [2012-08-20 21:34:40,423] 21:34:40gotRequest
DEBUG    [2012-08-20 21:34:40,425] 21:34:40received: here is your page

DEBUG    [2012-08-20 21:34:42,741] 21:34:42gotRequest
DEBUG    [2012-08-20 21:34:42,743] 21:34:42received: here is your page

DEBUG    [2012-08-20 21:35:48,114] 21:35:48startLive
DEBUG    [2012-08-20 21:35:50,452] 21:35:50gotRequest
DEBUG    [2012-08-20 21:35:50,453] 21:35:50again
DEBUG    [2012-08-20 21:35:52,773] 21:35:52gotRequest
DEBUG    [2012-08-20 21:35:52,774] 21:35:52again
DEBUG    [2012-08-20 21:35:55,152] 21:35:55gotRequest
DEBUG    [2012-08-20 21:35:55,153] 21:35:55again
DEBUG    [2012-08-20 21:36:39,852] 21:36:39startLive
DEBUG    [2012-08-20 21:36:42,156] 21:36:42gotRequest
DEBUG    [2012-08-20 21:36:42,157] 21:36:42again
DEBUG    [2012-08-20 21:36:42,159] Response code:200
DEBUG    [2012-08-20 21:36:42,160] 21:36:42received: here is your page

DEBUG    [2012-08-20 21:36:44,460] 21:36:44gotRequest
DEBUG    [2012-08-20 21:36:44,461] 21:36:44again
DEBUG    [2012-08-20 21:36:44,464] Response code:200
DEBUG    [2012-08-20 21:36:44,465] 21:36:44received: here is your page

DEBUG    [2012-08-20 21:36:46,771] 21:36:46gotRequest
DEBUG    [2012-08-20 21:36:46,772] 21:36:46again
DEBUG    [2012-08-20 21:36:46,774] Response code:200
DEBUG    [2012-08-20 21:36:46,775] 21:36:46received: here is your page

DEBUG    [2012-08-20 21:36:49,087] 21:36:49gotRequest
DEBUG    [2012-08-20 21:36:49,087] 21:36:49again
DEBUG    [2012-08-20 21:36:49,089] Response code:200
DEBUG    [2012-08-20 21:36:49,090] 21:36:49received: here is your page

DEBUG    [2012-08-20 21:36:51,389] 21:36:51gotRequest
DEBUG    [2012-08-20 21:36:51,390] 21:36:51again
DEBUG    [2012-08-20 21:36:51,392] Response code:200
DEBUG    [2012-08-20 21:36:51,393] 21:36:51received: here is your page

DEBUG    [2012-08-20 21:36:53,691] 21:36:53gotRequest
DEBUG    [2012-08-20 21:36:53,692] 21:36:53again
DEBUG    [2012-08-20 21:36:53,695] Response code:200
DEBUG    [2012-08-20 21:36:53,696] 21:36:53received: here is your page

DEBUG    [2012-08-20 21:36:56,010] 21:36:56gotRequest
DEBUG    [2012-08-20 21:36:56,011] 21:36:56again
DEBUG    [2012-08-20 21:36:56,013] Response code:200
DEBUG    [2012-08-20 21:36:56,014] 21:36:56received: here is your page

DEBUG    [2012-08-20 21:36:58,319] 21:36:58gotRequest
DEBUG    [2012-08-20 21:36:58,319] 21:36:58again
DEBUG    [2012-08-20 21:36:58,321] Response code:200
DEBUG    [2012-08-20 21:36:58,323] 21:36:58received: here is your page

DEBUG    [2012-08-20 21:37:00,645] 21:37:00gotRequest
DEBUG    [2012-08-20 21:37:00,646] 21:37:00again
DEBUG    [2012-08-20 21:37:00,648] Response code:200
DEBUG    [2012-08-20 21:37:00,649] 21:37:00received: here is your page

DEBUG    [2012-08-20 21:37:02,959] 21:37:02gotRequest
DEBUG    [2012-08-20 21:37:02,960] 21:37:02again
DEBUG    [2012-08-20 21:37:02,961] Response code:200
DEBUG    [2012-08-20 21:37:02,962] 21:37:02received: here is your page

DEBUG    [2012-08-20 21:37:05,270] 21:37:05gotRequest
DEBUG    [2012-08-20 21:37:05,271] 21:37:05again
DEBUG    [2012-08-20 21:37:05,272] Response code:200
DEBUG    [2012-08-20 21:37:05,273] 21:37:05received: here is your page

DEBUG    [2012-08-20 21:37:07,641] 21:37:07gotRequest
DEBUG    [2012-08-20 21:37:07,642] 21:37:07again
DEBUG    [2012-08-20 21:37:07,643] Response code:200
DEBUG    [2012-08-20 21:37:07,644] 21:37:07received: here is your page

DEBUG    [2012-08-20 21:37:43,494] 21:37:43startLive
DEBUG    [2012-08-20 21:37:45,808] 21:37:45gotRequest
DEBUG    [2012-08-20 21:37:45,809] 21:37:45again
DEBUG    [2012-08-20 21:37:45,811] Response code:200
DEBUG    [2012-08-20 21:37:45,812] 21:37:45received: here is your page

DEBUG    [2012-08-20 21:37:48,133] 21:37:48gotRequest
DEBUG    [2012-08-20 21:37:48,134] 21:37:48again
DEBUG    [2012-08-20 21:37:48,136] Response code:200
DEBUG    [2012-08-20 21:37:48,137] 21:37:48received: here is your page

DEBUG    [2012-08-20 21:37:50,455] 21:37:50gotRequest
DEBUG    [2012-08-20 21:37:50,456] 21:37:50again
DEBUG    [2012-08-20 21:37:50,458] Response code:200
DEBUG    [2012-08-20 21:37:50,459] 21:37:50received: here is your page

DEBUG    [2012-08-20 21:37:52,792] 21:37:52gotRequest
DEBUG    [2012-08-20 21:37:52,793] 21:37:52again
DEBUG    [2012-08-20 21:37:52,795] Response code:200
DEBUG    [2012-08-20 21:37:52,795] 21:37:52received: here is your page

DEBUG    [2012-08-20 23:07:20,620] 11:07:20 PMstartLive
DEBUG    [2012-08-20 23:07:49,173] 11:07:49 PMstartLive
DEBUG    [2012-08-20 23:08:22,834] 11:08:22 PMstartLive
DEBUG    [2012-08-20 23:08:41,040] 11:08:41 PMstartLive
DEBUG    [2012-08-20 23:08:59,779] 11:08:59 PMstartLive
DEBUG    [2012-08-20 23:09:29,433] 11:09:29 PMstartLive
DEBUG    [2012-08-20 23:09:31,777] 11:09:31 PMgotRequest
DEBUG    [2012-08-20 23:09:31,778] 11:09:31 PMagain
DEBUG    [2012-08-20 23:09:31,781] Response code:200
DEBUG    [2012-08-20 23:09:31,783] 11:09:31 PMreceived: here is your page

DEBUG    [2012-08-20 23:09:34,119] 11:09:34 PMgotRequest
DEBUG    [2012-08-20 23:09:34,120] 11:09:34 PMagain
DEBUG    [2012-08-20 23:09:34,122] Response code:200
DEBUG    [2012-08-20 23:09:34,123] 11:09:34 PMreceived: here is your page

DEBUG    [2012-08-20 23:09:36,460] 11:09:36 PMgotRequest
DEBUG    [2012-08-20 23:09:36,461] 11:09:36 PMagain
DEBUG    [2012-08-20 23:09:36,463] Response code:200
DEBUG    [2012-08-20 23:09:36,464] 11:09:36 PMreceived: here is your page

DEBUG    [2012-08-20 23:10:22,260] 11:10:22 PMstartLive
DEBUG    [2012-08-20 23:10:24,624] 11:10:24 PMgotRequest
DEBUG    [2012-08-20 23:10:24,625] 11:10:24 PMagain
DEBUG    [2012-08-20 23:10:24,626] Response code:200
DEBUG    [2012-08-20 23:10:24,627] 11:10:24 PMreceived: here is your page

DEBUG    [2012-08-20 23:10:26,950] 11:10:26 PMgotRequest
DEBUG    [2012-08-20 23:10:26,950] 11:10:26 PMagain
DEBUG    [2012-08-20 23:10:26,952] Response code:200
DEBUG    [2012-08-20 23:10:26,953] 11:10:26 PMreceived: here is your page

DEBUG    [2012-08-20 23:10:29,280] 11:10:29 PMgotRequest
DEBUG    [2012-08-20 23:10:29,280] 11:10:29 PMagain
DEBUG    [2012-08-20 23:10:29,282] Response code:200
DEBUG    [2012-08-20 23:10:29,283] 11:10:29 PMreceived: here is your page

DEBUG    [2012-08-20 23:10:31,577] 11:10:31 PMgotRequest
DEBUG    [2012-08-20 23:10:31,577] 11:10:31 PMagain
DEBUG    [2012-08-20 23:10:31,579] Response code:200
DEBUG    [2012-08-20 23:10:31,580] 11:10:31 PMreceived: here is your page

DEBUG    [2012-08-20 23:10:33,881] 11:10:33 PMgotRequest
DEBUG    [2012-08-20 23:10:33,882] 11:10:33 PMagain
DEBUG    [2012-08-20 23:10:33,884] Response code:200
DEBUG    [2012-08-20 23:10:33,885] 11:10:33 PMreceived: here is your page

DEBUG    [2012-08-20 23:11:38,910] 11:11:38 PMstartLive
DEBUG    [2012-08-20 23:11:41,348] 11:11:41 PMgotRequest
DEBUG    [2012-08-20 23:11:41,349] 11:11:41 PMagain
DEBUG    [2012-08-20 23:11:41,351] Response code:200
DEBUG    [2012-08-20 23:11:41,353] 11:11:41 PMreceived: here is your page

DEBUG    [2012-08-20 23:11:43,681] 11:11:43 PMgotRequest
DEBUG    [2012-08-20 23:11:43,682] 11:11:43 PMagain
DEBUG    [2012-08-20 23:11:43,684] Response code:200
DEBUG    [2012-08-20 23:11:43,685] 11:11:43 PMreceived: here is your page

DEBUG    [2012-08-20 23:11:46,017] 11:11:46 PMgotRequest
DEBUG    [2012-08-20 23:11:46,018] 11:11:46 PMagain
DEBUG    [2012-08-20 23:11:46,019] Response code:200
DEBUG    [2012-08-20 23:11:46,020] 11:11:46 PMreceived: here is your page

DEBUG    [2012-08-20 23:11:48,322] 11:11:48 PMgotRequest
DEBUG    [2012-08-20 23:11:48,323] 11:11:48 PMagain
DEBUG    [2012-08-20 23:11:48,324] Response code:200
DEBUG    [2012-08-20 23:11:48,325] 11:11:48 PMreceived: here is your page

DEBUG    [2012-08-20 23:11:50,643] 11:11:50 PMgotRequest
DEBUG    [2012-08-20 23:11:50,643] 11:11:50 PMagain
DEBUG    [2012-08-20 23:11:50,645] Response code:200
DEBUG    [2012-08-20 23:11:50,646] 11:11:50 PMreceived: here is your page

DEBUG    [2012-08-20 23:11:56,225] 11:11:56 PMstartLive
DEBUG    [2012-08-20 23:11:58,628] 11:11:58 PMgotRequest
DEBUG    [2012-08-20 23:11:58,628] 11:11:58 PMagain
DEBUG    [2012-08-20 23:11:58,631] Response code:200
DEBUG    [2012-08-20 23:11:58,632] 11:11:58 PMreceived: here is your page

DEBUG    [2012-08-20 23:12:00,936] 11:12:00 PMgotRequest
DEBUG    [2012-08-20 23:12:00,937] 11:12:00 PMagain
DEBUG    [2012-08-20 23:12:00,939] Response code:200
DEBUG    [2012-08-20 23:12:00,940] 11:12:00 PMreceived: here is your page

DEBUG    [2012-08-20 23:12:03,255] 11:12:03 PMgotRequest
DEBUG    [2012-08-20 23:12:03,256] 11:12:03 PMagain
DEBUG    [2012-08-20 23:12:03,257] Response code:200
DEBUG    [2012-08-20 23:12:03,258] 11:12:03 PMreceived: here is your page

DEBUG    [2012-08-20 23:12:05,599] 11:12:05 PMgotRequest
DEBUG    [2012-08-20 23:12:05,599] 11:12:05 PMagain
DEBUG    [2012-08-20 23:12:05,600] Response code:200
DEBUG    [2012-08-20 23:12:05,601] 11:12:05 PMreceived: here is your page

DEBUG    [2012-08-20 23:12:07,926] 11:12:07 PMgotRequest
DEBUG    [2012-08-20 23:12:07,927] 11:12:07 PMagain
DEBUG    [2012-08-20 23:12:07,928] Response code:200
DEBUG    [2012-08-20 23:12:07,929] 11:12:07 PMreceived: here is your page

DEBUG    [2012-08-20 23:12:10,261] 11:12:10 PMgotRequest
DEBUG    [2012-08-20 23:12:10,261] 11:12:10 PMagain
DEBUG    [2012-08-20 23:12:10,263] Response code:200
DEBUG    [2012-08-20 23:12:10,264] 11:12:10 PMreceived: here is your page

DEBUG    [2012-08-20 23:12:28,666] 11:12:28 PMstartLive
DEBUG    [2012-08-20 23:12:31,057] 11:12:31 PMgotRequest
DEBUG    [2012-08-20 23:12:31,057] 11:12:31 PMagain
DEBUG    [2012-08-20 23:12:31,060] Response code:200
DEBUG    [2012-08-20 23:12:31,061] 11:12:31 PMreceived: here is your page

DEBUG    [2012-08-20 23:12:33,347] 11:12:33 PMgotRequest
DEBUG    [2012-08-20 23:12:33,348] 11:12:33 PMagain
DEBUG    [2012-08-20 23:12:33,350] Response code:200
DEBUG    [2012-08-20 23:12:33,351] 11:12:33 PMreceived: here is your page

DEBUG    [2012-08-20 23:12:35,690] 11:12:35 PMgotRequest
DEBUG    [2012-08-20 23:12:35,691] 11:12:35 PMagain
DEBUG    [2012-08-20 23:12:35,693] Response code:200
DEBUG    [2012-08-20 23:12:35,694] 11:12:35 PMreceived: here is your page

DEBUG    [2012-08-20 23:12:38,012] 11:12:38 PMgotRequest
DEBUG    [2012-08-20 23:12:38,013] 11:12:38 PMagain
DEBUG    [2012-08-20 23:12:38,015] Response code:200
DEBUG    [2012-08-20 23:12:38,016] 11:12:38 PMreceived: here is your page

DEBUG    [2012-08-20 23:12:42,743] 11:12:42 PMstartLive
DEBUG    [2012-08-20 23:12:45,111] 11:12:45 PMgotRequest
DEBUG    [2012-08-20 23:12:45,112] 11:12:45 PMagain
DEBUG    [2012-08-20 23:12:45,114] Response code:200
DEBUG    [2012-08-20 23:12:45,116] 11:12:45 PMreceived: here is your page

DEBUG    [2012-08-20 23:12:47,446] 11:12:47 PMgotRequest
DEBUG    [2012-08-20 23:12:47,446] 11:12:47 PMagain
DEBUG    [2012-08-20 23:12:47,448] Response code:200
DEBUG    [2012-08-20 23:12:47,449] 11:12:47 PMreceived: here is your page

DEBUG    [2012-08-20 23:16:41,229] 11:16:41 PMstartLive
DEBUG    [2012-08-20 23:18:15,826] 11:18:15 PMstartLive
DEBUG    [2012-08-20 23:18:18,138] 11:18:18 PMgotRequest
DEBUG    [2012-08-20 23:18:18,139] 11:18:18 PMagain
DEBUG    [2012-08-20 23:18:18,141] Response code:200
DEBUG    [2012-08-20 23:18:18,142] 11:18:18 PMreceived: here is your page

DEBUG    [2012-08-20 23:18:20,418] 11:18:20 PMgotRequest
DEBUG    [2012-08-20 23:18:20,419] 11:18:20 PMagain
DEBUG    [2012-08-20 23:18:20,421] Response code:200
DEBUG    [2012-08-20 23:18:20,422] 11:18:20 PMreceived: here is your page

DEBUG    [2012-08-20 23:18:22,695] 11:18:22 PMgotRequest
DEBUG    [2012-08-20 23:18:22,696] 11:18:22 PMagain
DEBUG    [2012-08-20 23:18:22,698] Response code:200
DEBUG    [2012-08-20 23:18:22,700] 11:18:22 PMreceived: here is your page

DEBUG    [2012-08-20 23:18:24,966] 11:18:24 PMgotRequest
DEBUG    [2012-08-20 23:18:24,967] 11:18:24 PMagain
DEBUG    [2012-08-20 23:18:24,969] Response code:200
DEBUG    [2012-08-20 23:18:24,969] 11:18:24 PMreceived: here is your page

DEBUG    [2012-08-20 23:18:46,485] 11:18:46 PMstartLive
DEBUG    [2012-08-20 23:18:48,835] 11:18:48 PMgotRequest
DEBUG    [2012-08-20 23:18:48,836] 11:18:48 PMagain
DEBUG    [2012-08-20 23:18:48,837] Response code:200
DEBUG    [2012-08-20 23:18:48,838] 11:18:48 PMreceived: here is your page

DEBUG    [2012-08-20 23:18:51,107] 11:18:51 PMgotRequest
DEBUG    [2012-08-20 23:18:51,107] 11:18:51 PMagain
DEBUG    [2012-08-20 23:18:51,108] Response code:200
DEBUG    [2012-08-20 23:18:51,109] 11:18:51 PMreceived: here is your page

DEBUG    [2012-08-20 23:19:02,975] 11:19:02 PMstartLive
DEBUG    [2012-08-20 23:28:37,905] 11:28:37 PMstartLive
DEBUG    [2012-08-20 23:28:40,258] 11:28:40 PMgotRequest
DEBUG    [2012-08-20 23:28:40,258] 11:28:40 PMagain
DEBUG    [2012-08-20 23:28:40,260] Response code:200
DEBUG    [2012-08-20 23:28:40,261] 11:28:40 PMreceived: here is your page

DEBUG    [2012-08-20 23:28:42,593] 11:28:42 PMgotRequest
DEBUG    [2012-08-20 23:28:42,593] 11:28:42 PMagain
DEBUG    [2012-08-20 23:28:42,595] Response code:200
DEBUG    [2012-08-20 23:28:42,596] 11:28:42 PMreceived: here is your page

DEBUG    [2012-08-20 23:28:44,862] 11:28:44 PMgotRequest
DEBUG    [2012-08-20 23:28:44,863] 11:28:44 PMagain
DEBUG    [2012-08-20 23:28:44,864] Response code:200
DEBUG    [2012-08-20 23:28:44,865] 11:28:44 PMreceived: here is your page

DEBUG    [2012-08-20 23:28:47,140] 11:28:47 PMgotRequest
DEBUG    [2012-08-20 23:28:47,140] 11:28:47 PMagain
DEBUG    [2012-08-20 23:28:47,142] Response code:200
DEBUG    [2012-08-20 23:28:47,143] 11:28:47 PMreceived: here is your page

DEBUG    [2012-08-20 23:28:53,865] 11:28:53 PMstartLive
DEBUG    [2012-08-20 23:28:56,212] 11:28:56 PMgotRequest
DEBUG    [2012-08-20 23:28:56,213] 11:28:56 PMagain
DEBUG    [2012-08-20 23:28:56,215] Response code:200
DEBUG    [2012-08-20 23:28:56,216] 11:28:56 PMreceived: here is your page

DEBUG    [2012-08-20 23:28:58,512] 11:28:58 PMgotRequest
DEBUG    [2012-08-20 23:28:58,513] 11:28:58 PMagain
DEBUG    [2012-08-20 23:28:58,514] Response code:200
DEBUG    [2012-08-20 23:28:58,515] 11:28:58 PMreceived: here is your page

DEBUG    [2012-08-20 23:29:00,814] 11:29:00 PMgotRequest
DEBUG    [2012-08-20 23:29:00,815] 11:29:00 PMagain
DEBUG    [2012-08-20 23:29:00,817] Response code:200
DEBUG    [2012-08-20 23:29:00,818] 11:29:00 PMreceived: here is your page

DEBUG    [2012-08-20 23:35:10,063] 11:35:10 PMstartLive
DEBUG    [2012-08-20 23:35:10,074] {'name': 'http://wool/cgi-bin/wait.cgi', 'rest': '3', 'when_next': '3s', 'last_received': '373744:35:10', 'last_ask': '0s', 'wait': '4'}
DEBUG    [2012-08-20 23:36:09,540] 11:36:09 PMstartLive
DEBUG    [2012-08-20 23:36:09,560] {'name': 'http://wool/cgi-bin/wait.cgi', 'rest': '3', 'when_next': '3s', 'last_received': '373744:36:09', 'last_ask': '0s', 'wait': '4'}
DEBUG    [2012-08-20 23:36:11,565] {'name': 'http://wool/cgi-bin/wait.cgi', 'rest': '3', 'when_next': '1s', 'last_received': '373744:36:11', 'last_ask': '2s', 'wait': '4'}
DEBUG    [2012-08-20 23:36:11,904] 11:36:11 PMgotRequest
DEBUG    [2012-08-20 23:36:11,905] 11:36:11 PMagain
DEBUG    [2012-08-20 23:36:11,907] Response code:200
DEBUG    [2012-08-20 23:36:11,908] 11:36:11 PMreceived: here is your page

DEBUG    [2012-08-20 23:36:13,568] {'name': 'http://wool/cgi-bin/wait.cgi', 'rest': '3', 'when_next': '2s', 'last_received': '1s', 'last_ask': '1s', 'wait': '4'}
DEBUG    [2012-08-20 23:36:14,175] 11:36:14 PMgotRequest
DEBUG    [2012-08-20 23:36:14,176] 11:36:14 PMagain
DEBUG    [2012-08-20 23:36:14,178] Response code:200
DEBUG    [2012-08-20 23:36:14,179] 11:36:14 PMreceived: here is your page

DEBUG    [2012-08-20 23:36:15,573] {'name': 'http://wool/cgi-bin/wait.cgi', 'rest': '3', 'when_next': '2s', 'last_received': '1s', 'last_ask': '1s', 'wait': '4'}
DEBUG    [2012-08-20 23:36:16,487] 11:36:16 PMgotRequest
DEBUG    [2012-08-20 23:36:16,487] 11:36:16 PMagain
DEBUG    [2012-08-20 23:36:16,489] Response code:200
DEBUG    [2012-08-20 23:36:16,490] 11:36:16 PMreceived: here is your page

DEBUG    [2012-08-20 23:36:17,578] {'name': 'http://wool/cgi-bin/wait.cgi', 'rest': '3', 'when_next': '2s', 'last_received': '1s', 'last_ask': '1s', 'wait': '4'}
DEBUG    [2012-08-20 23:36:18,795] 11:36:18 PMgotRequest
DEBUG    [2012-08-20 23:36:18,796] 11:36:18 PMagain
DEBUG    [2012-08-20 23:36:18,797] Response code:200
DEBUG    [2012-08-20 23:36:18,798] 11:36:18 PMreceived: here is your page

DEBUG    [2012-08-20 23:36:19,582] {'name': 'http://wool/cgi-bin/wait.cgi', 'rest': '3', 'when_next': '3s', 'last_received': '0s', 'last_ask': '0s', 'wait': '4'}
DEBUG    [2012-08-20 23:36:21,083] 11:36:21 PMgotRequest
DEBUG    [2012-08-20 23:36:21,084] 11:36:21 PMagain
DEBUG    [2012-08-20 23:36:21,086] Response code:200
DEBUG    [2012-08-20 23:36:21,086] 11:36:21 PMreceived: here is your page

DEBUG    [2012-08-20 23:36:21,586] {'name': 'http://wool/cgi-bin/wait.cgi', 'rest': '3', 'when_next': '3s', 'last_received': '0s', 'last_ask': '0s', 'wait': '4'}
DEBUG    [2012-08-20 23:36:23,363] 11:36:23 PMgotRequest
DEBUG    [2012-08-20 23:36:23,363] 11:36:23 PMagain
DEBUG    [2012-08-20 23:36:23,365] Response code:200
DEBUG    [2012-08-20 23:36:23,366] 11:36:23 PMreceived: here is your page

DEBUG    [2012-08-20 23:36:23,592] {'name': 'http://wool/cgi-bin/wait.cgi', 'rest': '3', 'when_next': '3s', 'last_received': '0s', 'last_ask': '0s', 'wait': '4'}
CRITICAL [2012-08-20 23:41:19,722] {'name': 'http://wool/cgi-bin/wait.cgi', 'rest': '3', 'when_next': '3s', 'last_received': '373744:41:19', 'last_ask': '0s', 'wait': '4'}
CRITICAL [2012-08-20 23:41:21,728] {'name': 'http://wool/cgi-bin/wait.cgi', 'rest': '3', 'when_next': '1s', 'last_received': '373744:41:21', 'last_ask': '2s', 'wait': '4'}
CRITICAL [2012-08-20 23:41:23,733] {'name': 'http://wool/cgi-bin/wait.cgi', 'rest': '3', 'when_next': '2s', 'last_received': '1s', 'last_ask': '1s', 'wait': '4'}
CRITICAL [2012-08-20 23:41:25,738] {'name': 'http://wool/cgi-bin/wait.cgi', 'rest': '3', 'when_next': '2s', 'last_received': '1s', 'last_ask': '1s', 'wait': '4'}
CRITICAL [2012-08-20 23:41:27,742] {'name': 'http://wool/cgi-bin/wait.cgi', 'rest': '3', 'when_next': '2s', 'last_received': '1s', 'last_ask': '1s', 'wait': '4'}
CRITICAL [2012-08-20 23:41:29,747] {'name': 'http://wool/cgi-bin/wait.cgi', 'rest': '3', 'when_next': '3s', 'last_received': '0s', 'last_ask': '0s', 'wait': '4'}
CRITICAL [2012-08-20 23:41:31,752] {'name': 'http://wool/cgi-bin/wait.cgi', 'rest': '3', 'when_next': '3s', 'last_received': '0s', 'last_ask': '0s', 'wait': '4'}
CRITICAL [2012-08-20 23:41:33,757] {'name': 'http://wool/cgi-bin/wait.cgi', 'rest': '3', 'when_next': '3s', 'last_received': '0s', 'last_ask': '0s', 'wait': '4'}
CRITICAL [2012-08-20 23:41:35,761] {'name': 'http://wool/cgi-bin/wait.cgi', 'rest': '3', 'when_next': '3s', 'last_received': '0s', 'last_ask': '0s', 'wait': '4'}
CRITICAL [2012-08-20 23:41:37,769] {'name': 'http://wool/cgi-bin/wait.cgi', 'rest': '3', 'when_next': '1s', 'last_received': '2s', 'last_ask': '2s', 'wait': '4'}
CRITICAL [2012-08-20 23:41:39,773] {'name': 'http://wool/cgi-bin/wait.cgi', 'rest': '3', 'when_next': '2s', 'last_received': '1s', 'last_ask': '1s', 'wait': '4'}
CRITICAL [2012-08-20 23:41:41,778] {'name': 'http://wool/cgi-bin/wait.cgi', 'rest': '3', 'when_next': '2s', 'last_received': '1s', 'last_ask': '1s', 'wait': '4'}
CRITICAL [2012-08-20 23:41:43,783] {'name': 'http://wool/cgi-bin/wait.cgi', 'rest': '3', 'when_next': '2s', 'last_received': '1s', 'last_ask': '1s', 'wait': '4'}
CRITICAL [2012-08-20 23:41:45,789] {'name': 'http://wool/cgi-bin/wait.cgi', 'rest': '3', 'when_next': '3s', 'last_received': '0s', 'last_ask': '0s', 'wait': '4'}
CRITICAL [2012-08-20 23:41:47,793] {'name': 'http://wool/cgi-bin/wait.cgi', 'rest': '3', 'when_next': '3s', 'last_received': '0s', 'last_ask': '0s', 'wait': '4'}
CRITICAL [2012-08-20 23:41:49,798] {'name': 'http://wool/cgi-bin/wait.cgi', 'rest': '3', 'when_next': '3s', 'last_received': '0s', 'last_ask': '0s', 'wait': '4'}
CRITICAL [2012-08-20 23:41:51,802] {'name': 'http://wool/cgi-bin/wait.cgi', 'rest': '3', 'when_next': '1s', 'last_received': '2s', 'last_ask': '2s', 'wait': '4'}
CRITICAL [2012-08-20 23:41:53,807] {'name': 'http://wool/cgi-bin/wait.cgi', 'rest': '3', 'when_next': '2s', 'last_received': '1s', 'last_ask': '1s', 'wait': '4'}
CRITICAL [2012-08-20 23:41:55,812] {'name': 'http://wool/cgi-bin/wait.cgi', 'rest': '3', 'when_next': '2s', 'last_received': '1s', 'last_ask': '1s', 'wait': '4'}
CRITICAL [2012-08-20 23:44:32,540] {'name': 'http://wool/cgi-bin/wait.cgi', 'rest': '3', 'when_next': '3s', 'last_received': '373744:44:32', 'last_ask': '0s', 'wait': '4'}
CRITICAL [2012-08-20 23:44:34,545] {'name': 'http://wool/cgi-bin/wait.cgi', 'rest': '3', 'when_next': '1s', 'last_received': '373744:44:34', 'last_ask': '2s', 'wait': '4'}
CRITICAL [2012-08-20 23:44:36,548] {'name': 'http://wool/cgi-bin/wait.cgi', 'rest': '3', 'when_next': '2s', 'last_received': '1s', 'last_ask': '1s', 'wait': '4'}
CRITICAL [2012-08-20 23:44:38,553] {'name': 'http://wool/cgi-bin/wait.cgi', 'rest': '3', 'when_next': '2s', 'last_received': '1s', 'last_ask': '1s', 'wait': '4'}
CRITICAL [2012-08-20 23:44:40,558] {'name': 'http://wool/cgi-bin/wait.cgi', 'rest': '3', 'when_next': '3s', 'last_received': '0s', 'last_ask': '0s', 'wait': '4'}
CRITICAL [2012-08-20 23:44:42,561] {'name': 'http://wool/cgi-bin/wait.cgi', 'rest': '3', 'when_next': '3s', 'last_received': '0s', 'last_ask': '0s', 'wait': '4'}
CRITICAL [2012-08-20 23:44:44,565] {'name': 'http://wool/cgi-bin/wait.cgi', 'rest': '3', 'when_next': '3s', 'last_received': '0s', 'last_ask': '0s', 'wait': '4'}
CRITICAL [2012-08-20 23:44:46,570] {'name': 'http://wool/cgi-bin/wait.cgi', 'rest': '3', 'when_next': '1s', 'last_received': '2s', 'last_ask': '2s', 'wait': '4'}
CRITICAL [2012-08-20 23:44:48,575] {'name': 'http://wool/cgi-bin/wait.cgi', 'rest': '3', 'when_next': '2s', 'last_received': '1s', 'last_ask': '1s', 'wait': '4'}
CRITICAL [2012-08-20 23:44:50,579] {'name': 'http://wool/cgi-bin/wait.cgi', 'rest': '3', 'when_next': '2s', 'last_received': '1s', 'last_ask': '1s', 'wait': '4'}
CRITICAL [2012-08-20 23:44:52,584] {'name': 'http://wool/cgi-bin/wait.cgi', 'rest': '3', 'when_next': '2s', 'last_received': '1s', 'last_ask': '1s', 'wait': '4'}
CRITICAL [2012-08-20 23:44:54,589] {'name': 'http://wool/cgi-bin/wait.cgi', 'rest': '3', 'when_next': '3s', 'last_received': '0s', 'last_ask': '0s', 'wait': '4'}
CRITICAL [2012-08-20 23:44:56,592] {'name': 'http://wool/cgi-bin/wait.cgi', 'rest': '3', 'when_next': '3s', 'last_received': '0s', 'last_ask': '0s', 'wait': '4'}
CRITICAL [2012-08-20 23:44:58,597] {'name': 'http://wool/cgi-bin/wait.cgi', 'rest': '3', 'when_next': '3s', 'last_received': '0s', 'last_ask': '0s', 'wait': '4'}
CRITICAL [2012-08-20 23:45:00,602] {'name': 'http://wool/cgi-bin/wait.cgi', 'rest': '3', 'when_next': '3s', 'last_received': '0s', 'last_ask': '0s', 'wait': '4'}
CRITICAL [2012-08-20 23:45:02,608] {'name': 'http://wool/cgi-bin/wait.cgi', 'rest': '3', 'when_next': '1s', 'last_received': '2s', 'last_ask': '2s', 'wait': '4'}
CRITICAL [2012-08-20 23:45:32,865] {'name': 'http://wool/cgi-bin/wait.cgi', 'rest': '3', 'when_next': '3s', 'last_received': '373744:45:32', 'last_ask': '0s', 'wait': '4'}
CRITICAL [2012-08-20 23:45:59,397] {'name': 'http://wool/cgi-bin/wait.cgi', 'rest': '3', 'when_next': '3s', 'last_received': '373744:45:59', 'last_ask': '0s', 'wait': '4'}
CRITICAL [2012-08-20 23:46:01,442] {'name': 'http://wool/cgi-bin/wait.cgi', 'rest': '3', 'when_next': '1s', 'last_received': '373744:46:01', 'last_ask': '2s', 'wait': '4'}
CRITICAL [2012-08-20 23:46:04,626] {'name': 'http://wool/cgi-bin/wait.cgi', 'rest': '3', 'when_next': '3s', 'last_received': '373744:46:04', 'last_ask': '0s', 'wait': '4'}
CRITICAL [2012-08-20 23:46:06,669] {'name': 'http://wool/cgi-bin/wait.cgi', 'rest': '3', 'when_next': '1s', 'last_received': '373744:46:06', 'last_ask': '2s', 'wait': '4'}
CRITICAL [2012-08-20 23:46:08,674] {'name': 'http://wool/cgi-bin/wait.cgi', 'rest': '3', 'when_next': '2s', 'last_received': '1s', 'last_ask': '1s', 'wait': '4'}
CRITICAL [2012-08-20 23:46:10,678] {'name': 'http://wool/cgi-bin/wait.cgi', 'rest': '3', 'when_next': '2s', 'last_received': '1s', 'last_ask': '1s', 'wait': '4'}
CRITICAL [2012-08-20 23:46:29,368] {'name': 'http://wool/cgi-bin/wait.cgi', 'rest': '3', 'when_next': '3s', 'last_received': '373744:46:29', 'last_ask': '0s', 'wait': '4'}
CRITICAL [2012-08-20 23:46:31,409] {'name': 'http://wool/cgi-bin/wait.cgi', 'rest': '3', 'when_next': '1s', 'last_received': '373744:46:31', 'last_ask': '2s', 'wait': '4'}
CRITICAL [2012-08-20 23:46:33,413] {'name': 'http://wool/cgi-bin/wait.cgi', 'rest': '3', 'when_next': '2s', 'last_received': '1s', 'last_ask': '1s', 'wait': '4'}
CRITICAL [2012-08-20 23:46:39,332] {'name': 'http://wool/cgi-bin/wait.cgi', 'rest': '3', 'when_next': '3s', 'last_received': '373744:46:39', 'last_ask': '0s', 'wait': '4'}
CRITICAL [2012-08-20 23:47:02,469] {'name': 'http://wool/cgi-bin/wait.cgi', 'rest': '3', 'when_next': '3s', 'last_received': '373744:47:02', 'last_ask': '0s', 'wait': '4'}
CRITICAL [2012-08-20 23:47:08,431] {'name': 'http://wool/cgi-bin/wait.cgi', 'rest': '3', 'when_next': '3s', 'last_received': '373744:47:08', 'last_ask': '0s', 'wait': '4'}
CRITICAL [2012-08-20 23:47:10,455] {'name': 'http://wool/cgi-bin/wait.cgi', 'rest': '3', 'when_next': '1s', 'last_received': '373744:47:10', 'last_ask': '2s', 'wait': '4'}
CRITICAL [2012-08-20 23:47:12,460] {'name': 'http://wool/cgi-bin/wait.cgi', 'rest': '3', 'when_next': '2s', 'last_received': '1s', 'last_ask': '1s', 'wait': '4'}
CRITICAL [2012-08-20 23:47:14,465] {'name': 'http://wool/cgi-bin/wait.cgi', 'rest': '3', 'when_next': '2s', 'last_received': '1s', 'last_ask': '1s', 'wait': '4'}
CRITICAL [2012-08-20 23:47:16,468] {'name': 'http://wool/cgi-bin/wait.cgi', 'rest': '3', 'when_next': '2s', 'last_received': '1s', 'last_ask': '1s', 'wait': '4'}
CRITICAL [2012-08-20 23:47:18,472] {'name': 'http://wool/cgi-bin/wait.cgi', 'rest': '3', 'when_next': '3s', 'last_received': '0s', 'last_ask': '0s', 'wait': '4'}
CRITICAL [2012-08-20 23:48:27,089] <Columns widget>
CRITICAL [2012-08-20 23:48:38,873] <Columns widget>
CRITICAL [2012-08-20 23:48:45,981] <Columns widget>
CRITICAL [2012-08-20 23:48:48,005] <Columns widget>
CRITICAL [2012-08-20 23:48:51,151] <Columns widget>
CRITICAL [2012-08-20 23:48:54,137] <Columns widget>
CRITICAL [2012-08-20 23:48:56,913] <Columns widget>
CRITICAL [2012-08-20 23:48:58,957] <Columns widget>
CRITICAL [2012-08-20 23:49:00,962] <Columns widget>
CRITICAL [2012-08-20 23:49:02,966] <Columns widget>
CRITICAL [2012-08-20 23:49:04,972] <Columns widget>
CRITICAL [2012-08-20 23:49:06,976] <Columns widget>
CRITICAL [2012-08-20 23:49:16,462] <Columns widget>
CRITICAL [2012-08-20 23:49:18,517] <Columns widget>
CRITICAL [2012-08-20 23:49:20,520] <Columns widget>
CRITICAL [2012-08-20 23:49:22,524] <Columns widget>
CRITICAL [2012-08-20 23:49:58,968] [('fixed', 5, <AttrWrap flow widget <Text flow widget b'http://wool/cgi-bin/wait.cgi'> attr='body' focus_attr='focus'>), ('fixed', 5, <AttrWrap flow widget <Text flow widget b'4'> attr='body' focus_attr='focus'>), ('fixed', 5, <AttrWrap flow widget <Text flow widget b'3'> attr='body' focus_attr='focus'>), ('fixed', 5, <AttrWrap flow widget <Text flow widget b'0s'> attr='body' focus_attr='focus'>), ('fixed', 5, <AttrWrap flow widget <Text flow widget b'373744:49:58'> attr='body' focus_attr='focus'>), ('fixed', 5, <AttrWrap flow widget <Text flow widget b'3s'> attr='body' focus_attr='focus'>)]
CRITICAL [2012-08-20 23:50:01,024] [('fixed', 5, <AttrWrap flow widget <Text flow widget b'http://wool/cgi-bin/wait.cgi'> attr='body' focus_attr='focus'>), ('fixed', 5, <AttrWrap flow widget <Text flow widget b'4'> attr='body' focus_attr='focus'>), ('fixed', 5, <AttrWrap flow widget <Text flow widget b'3'> attr='body' focus_attr='focus'>), ('fixed', 5, <AttrWrap flow widget <Text flow widget b'2s'> attr='body' focus_attr='focus'>), ('fixed', 5, <AttrWrap flow widget <Text flow widget b'373744:50:01'> attr='body' focus_attr='focus'>), ('fixed', 5, <AttrWrap flow widget <Text flow widget b'1s'> attr='body' focus_attr='focus'>)]
CRITICAL [2012-08-20 23:50:03,031] [('fixed', 5, <AttrWrap flow widget <Text flow widget b'http://wool/cgi-bin/wait.cgi'> attr='body' focus_attr='focus'>), ('fixed', 5, <AttrWrap flow widget <Text flow widget b'4'> attr='body' focus_attr='focus'>), ('fixed', 5, <AttrWrap flow widget <Text flow widget b'3'> attr='body' focus_attr='focus'>), ('fixed', 5, <AttrWrap flow widget <Text flow widget b'1s'> attr='body' focus_attr='focus'>), ('fixed', 5, <AttrWrap flow widget <Text flow widget b'1s'> attr='body' focus_attr='focus'>), ('fixed', 5, <AttrWrap flow widget <Text flow widget b'2s'> attr='body' focus_attr='focus'>)]
CRITICAL [2012-08-20 23:55:07,961] [('fixed', 5, <AttrWrap flow widget <Text flow widget b'100'> attr='body' focus_attr='focus'>), ('fixed', 5, <AttrWrap flow widget <Text flow widget b'88'> attr='body' focus_attr='focus'>), ('fixed', 5, <AttrWrap flow widget <Text flow widget b'32'> attr='body' focus_attr='focus'>), ('fixed', 5, <AttrWrap flow widget <Text flow widget b'25'> attr='body' focus_attr='focus'>), ('fixed', 5, <AttrWrap flow widget <Text flow widget b'63'> attr='body' focus_attr='focus'>), ('fixed', 5, <AttrWrap flow widget <Text flow widget b'71'> attr='body' focus_attr='focus'>)]
CRITICAL [2012-08-20 23:55:09,996] [('fixed', 5, <AttrWrap flow widget <Text flow widget b'14'> attr='body' focus_attr='focus'>), ('fixed', 5, <AttrWrap flow widget <Text flow widget b'4'> attr='body' focus_attr='focus'>), ('fixed', 5, <AttrWrap flow widget <Text flow widget b'42'> attr='body' focus_attr='focus'>), ('fixed', 5, <AttrWrap flow widget <Text flow widget b'37'> attr='body' focus_attr='focus'>), ('fixed', 5, <AttrWrap flow widget <Text flow widget b'98'> attr='body' focus_attr='focus'>), ('fixed', 5, <AttrWrap flow widget <Text flow widget b'8'> attr='body' focus_attr='focus'>)]
CRITICAL [2012-08-20 23:55:12,004] [('fixed', 5, <AttrWrap flow widget <Text flow widget b'89'> attr='body' focus_attr='focus'>), ('fixed', 5, <AttrWrap flow widget <Text flow widget b'41'> attr='body' focus_attr='focus'>), ('fixed', 5, <AttrWrap flow widget <Text flow widget b'89'> attr='body' focus_attr='focus'>), ('fixed', 5, <AttrWrap flow widget <Text flow widget b'64'> attr='body' focus_attr='focus'>), ('fixed', 5, <AttrWrap flow widget <Text flow widget b'18'> attr='body' focus_attr='focus'>), ('fixed', 5, <AttrWrap flow widget <Text flow widget b'93'> attr='body' focus_attr='focus'>)]
CRITICAL [2012-08-20 23:55:14,013] [('fixed', 5, <AttrWrap flow widget <Text flow widget b'8'> attr='body' focus_attr='focus'>), ('fixed', 5, <AttrWrap flow widget <Text flow widget b'74'> attr='body' focus_attr='focus'>), ('fixed', 5, <AttrWrap flow widget <Text flow widget b'51'> attr='body' focus_attr='focus'>), ('fixed', 5, <AttrWrap flow widget <Text flow widget b'27'> attr='body' focus_attr='focus'>), ('fixed', 5, <AttrWrap flow widget <Text flow widget b'85'> attr='body' focus_attr='focus'>), ('fixed', 5, <AttrWrap flow widget <Text flow widget b'27'> attr='body' focus_attr='focus'>)]
CRITICAL [2012-08-20 23:55:16,020] [('fixed', 5, <AttrWrap flow widget <Text flow widget b'11'> attr='body' focus_attr='focus'>), ('fixed', 5, <AttrWrap flow widget <Text flow widget b'43'> attr='body' focus_attr='focus'>), ('fixed', 5, <AttrWrap flow widget <Text flow widget b'10'> attr='body' focus_attr='focus'>), ('fixed', 5, <AttrWrap flow widget <Text flow widget b'16'> attr='body' focus_attr='focus'>), ('fixed', 5, <AttrWrap flow widget <Text flow widget b'36'> attr='body' focus_attr='focus'>), ('fixed', 5, <AttrWrap flow widget <Text flow widget b'54'> attr='body' focus_attr='focus'>)]
CRITICAL [2012-08-20 23:55:18,029] [('fixed', 5, <AttrWrap flow widget <Text flow widget b'3'> attr='body' focus_attr='focus'>), ('fixed', 5, <AttrWrap flow widget <Text flow widget b'52'> attr='body' focus_attr='focus'>), ('fixed', 5, <AttrWrap flow widget <Text flow widget b'90'> attr='body' focus_attr='focus'>), ('fixed', 5, <AttrWrap flow widget <Text flow widget b'53'> attr='body' focus_attr='focus'>), ('fixed', 5, <AttrWrap flow widget <Text flow widget b'14'> attr='body' focus_attr='focus'>), ('fixed', 5, <AttrWrap flow widget <Text flow widget b'8'> attr='body' focus_attr='focus'>)]
CRITICAL [2012-08-20 23:55:20,034] [('fixed', 5, <AttrWrap flow widget <Text flow widget b'18'> attr='body' focus_attr='focus'>), ('fixed', 5, <AttrWrap flow widget <Text flow widget b'40'> attr='body' focus_attr='focus'>), ('fixed', 5, <AttrWrap flow widget <Text flow widget b'23'> attr='body' focus_attr='focus'>), ('fixed', 5, <AttrWrap flow widget <Text flow widget b'28'> attr='body' focus_attr='focus'>), ('fixed', 5, <AttrWrap flow widget <Text flow widget b'100'> attr='body' focus_attr='focus'>), ('fixed', 5, <AttrWrap flow widget <Text flow widget b'64'> attr='body' focus_attr='focus'>)]
CRITICAL [2012-08-20 23:55:22,044] [('fixed', 5, <AttrWrap flow widget <Text flow widget b'96'> attr='body' focus_attr='focus'>), ('fixed', 5, <AttrWrap flow widget <Text flow widget b'29'> attr='body' focus_attr='focus'>), ('fixed', 5, <AttrWrap flow widget <Text flow widget b'37'> attr='body' focus_attr='focus'>), ('fixed', 5, <AttrWrap flow widget <Text flow widget b'25'> attr='body' focus_attr='focus'>), ('fixed', 5, <AttrWrap flow widget <Text flow widget b'92'> attr='body' focus_attr='focus'>), ('fixed', 5, <AttrWrap flow widget <Text flow widget b'75'> attr='body' focus_attr='focus'>)]
CRITICAL [2012-08-20 23:55:24,050] [('fixed', 5, <AttrWrap flow widget <Text flow widget b'84'> attr='body' focus_attr='focus'>), ('fixed', 5, <AttrWrap flow widget <Text flow widget b'19'> attr='body' focus_attr='focus'>), ('fixed', 5, <AttrWrap flow widget <Text flow widget b'100'> attr='body' focus_attr='focus'>), ('fixed', 5, <AttrWrap flow widget <Text flow widget b'2'> attr='body' focus_attr='focus'>), ('fixed', 5, <AttrWrap flow widget <Text flow widget b'74'> attr='body' focus_attr='focus'>), ('fixed', 5, <AttrWrap flow widget <Text flow widget b'9'> attr='body' focus_attr='focus'>)]
CRITICAL [2012-08-20 23:55:26,058] [('fixed', 5, <AttrWrap flow widget <Text flow widget b'91'> attr='body' focus_attr='focus'>), ('fixed', 5, <AttrWrap flow widget <Text flow widget b'87'> attr='body' focus_attr='focus'>), ('fixed', 5, <AttrWrap flow widget <Text flow widget b'45'> attr='body' focus_attr='focus'>), ('fixed', 5, <AttrWrap flow widget <Text flow widget b'78'> attr='body' focus_attr='focus'>), ('fixed', 5, <AttrWrap flow widget <Text flow widget b'14'> attr='body' focus_attr='focus'>), ('fixed', 5, <AttrWrap flow widget <Text flow widget b'99'> attr='body' focus_attr='focus'>)]
CRITICAL [2012-08-20 23:55:28,064] [('fixed', 5, <AttrWrap flow widget <Text flow widget b'83'> attr='body' focus_attr='focus'>), ('fixed', 5, <AttrWrap flow widget <Text flow widget b'23'> attr='body' focus_attr='focus'>), ('fixed', 5, <AttrWrap flow widget <Text flow widget b'60'> attr='body' focus_attr='focus'>), ('fixed', 5, <AttrWrap flow widget <Text flow widget b'81'> attr='body' focus_attr='focus'>), ('fixed', 5, <AttrWrap flow widget <Text flow widget b'20'> attr='body' focus_attr='focus'>), ('fixed', 5, <AttrWrap flow widget <Text flow widget b'92'> attr='body' focus_attr='focus'>)]
CRITICAL [2012-08-20 23:55:30,070] [('fixed', 5, <AttrWrap flow widget <Text flow widget b'89'> attr='body' focus_attr='focus'>), ('fixed', 5, <AttrWrap flow widget <Text flow widget b'91'> attr='body' focus_attr='focus'>), ('fixed', 5, <AttrWrap flow widget <Text flow widget b'3'> attr='body' focus_attr='focus'>), ('fixed', 5, <AttrWrap flow widget <Text flow widget b'69'> attr='body' focus_attr='focus'>), ('fixed', 5, <AttrWrap flow widget <Text flow widget b'56'> attr='body' focus_attr='focus'>), ('fixed', 5, <AttrWrap flow widget <Text flow widget b'84'> attr='body' focus_attr='focus'>)]
CRITICAL [2012-08-20 23:55:32,076] [('fixed', 5, <AttrWrap flow widget <Text flow widget b'54'> attr='body' focus_attr='focus'>), ('fixed', 5, <AttrWrap flow widget <Text flow widget b'30'> attr='body' focus_attr='focus'>), ('fixed', 5, <AttrWrap flow widget <Text flow widget b'92'> attr='body' focus_attr='focus'>), ('fixed', 5, <AttrWrap flow widget <Text flow widget b'79'> attr='body' focus_attr='focus'>), ('fixed', 5, <AttrWrap flow widget <Text flow widget b'38'> attr='body' focus_attr='focus'>), ('fixed', 5, <AttrWrap flow widget <Text flow widget b'30'> attr='body' focus_attr='focus'>)]
CRITICAL [2012-08-20 23:55:34,083] [('fixed', 5, <AttrWrap flow widget <Text flow widget b'86'> attr='body' focus_attr='focus'>), ('fixed', 5, <AttrWrap flow widget <Text flow widget b'35'> attr='body' focus_attr='focus'>), ('fixed', 5, <AttrWrap flow widget <Text flow widget b'65'> attr='body' focus_attr='focus'>), ('fixed', 5, <AttrWrap flow widget <Text flow widget b'87'> attr='body' focus_attr='focus'>), ('fixed', 5, <AttrWrap flow widget <Text flow widget b'34'> attr='body' focus_attr='focus'>), ('fixed', 5, <AttrWrap flow widget <Text flow widget b'66'> attr='body' focus_attr='focus'>)]
CRITICAL [2012-08-20 23:55:36,088] [('fixed', 5, <AttrWrap flow widget <Text flow widget b'36'> attr='body' focus_attr='focus'>), ('fixed', 5, <AttrWrap flow widget <Text flow widget b'41'> attr='body' focus_attr='focus'>), ('fixed', 5, <AttrWrap flow widget <Text flow widget b'92'> attr='body' focus_attr='focus'>), ('fixed', 5, <AttrWrap flow widget <Text flow widget b'26'> attr='body' focus_attr='focus'>), ('fixed', 5, <AttrWrap flow widget <Text flow widget b'39'> attr='body' focus_attr='focus'>), ('fixed', 5, <AttrWrap flow widget <Text flow widget b'91'> attr='body' focus_attr='focus'>)]
CRITICAL [2012-08-20 23:58:22,713] [('fixed', 5, <AttrWrap flow widget <Text flow widget b'42'> attr='body' focus_attr='focus'>), ('fixed', 5, <AttrWrap flow widget <Text flow widget b'80'> attr='body' focus_attr='focus'>), ('fixed', 5, <AttrWrap flow widget <Text flow widget b'56'> attr='body' focus_attr='focus'>)]
CRITICAL [2012-08-20 23:58:35,668] [('fixed', 5, <AttrWrap flow widget <Text flow widget b'http://wool/cgi-bin/wait.cgi'> attr='body' focus_attr='focus'>), ('fixed', 5, <AttrWrap flow widget <Text flow widget b'4'> attr='body' focus_attr='focus'>), ('fixed', 5, <AttrWrap flow widget <Text flow widget b'3'> attr='body' focus_attr='focus'>), ('fixed', 5, <AttrWrap flow widget <Text flow widget b'0s'> attr='body' focus_attr='focus'>), ('fixed', 5, <AttrWrap flow widget <Text flow widget b'373744:58:35'> attr='body' focus_attr='focus'>), ('fixed', 5, <AttrWrap flow widget <Text flow widget b'3s'> attr='body' focus_attr='focus'>)]
CRITICAL [2012-08-20 23:58:41,890] [('fixed', 5, <AttrWrap flow widget <Text flow widget b'100'> attr='body' focus_attr='focus'>), ('fixed', 5, <AttrWrap flow widget <Text flow widget b'26'> attr='body' focus_attr='focus'>), ('fixed', 5, <AttrWrap flow widget <Text flow widget b'7'> attr='body' focus_attr='focus'>)]
CRITICAL [2012-08-20 23:59:17,298] [('fixed', 5, <AttrWrap flow widget <Text flow widget b'51'> attr='body' focus_attr='focus'>), ('fixed', 5, <AttrWrap flow widget <Text flow widget b'45'> attr='body' focus_attr='focus'>), ('fixed', 5, <AttrWrap flow widget <Text flow widget b'98'> attr='body' focus_attr='focus'>)]
CRITICAL [2012-08-20 23:59:19,321] [('fixed', 5, <AttrWrap flow widget <Text flow widget b'100'> attr='body' focus_attr='focus'>), ('fixed', 5, <AttrWrap flow widget <Text flow widget b'79'> attr='body' focus_attr='focus'>), ('fixed', 5, <AttrWrap flow widget <Text flow widget b'24'> attr='body' focus_attr='focus'>)]
CRITICAL [2012-08-20 23:59:21,332] [('fixed', 5, <AttrWrap flow widget <Text flow widget b'97'> attr='body' focus_attr='focus'>), ('fixed', 5, <AttrWrap flow widget <Text flow widget b'72'> attr='body' focus_attr='focus'>), ('fixed', 5, <AttrWrap flow widget <Text flow widget b'97'> attr='body' focus_attr='focus'>)]
CRITICAL [2012-08-20 23:59:23,342] [('fixed', 5, <AttrWrap flow widget <Text flow widget b'74'> attr='body' focus_attr='focus'>), ('fixed', 5, <AttrWrap flow widget <Text flow widget b'45'> attr='body' focus_attr='focus'>), ('fixed', 5, <AttrWrap flow widget <Text flow widget b'16'> attr='body' focus_attr='focus'>)]
CRITICAL [2012-08-20 23:59:25,354] [('fixed', 5, <AttrWrap flow widget <Text flow widget b'52'> attr='body' focus_attr='focus'>), ('fixed', 5, <AttrWrap flow widget <Text flow widget b'83'> attr='body' focus_attr='focus'>), ('fixed', 5, <AttrWrap flow widget <Text flow widget b'13'> attr='body' focus_attr='focus'>)]
CRITICAL [2012-08-20 23:59:27,367] [('fixed', 5, <AttrWrap flow widget <Text flow widget b'37'> attr='body' focus_attr='focus'>), ('fixed', 5, <AttrWrap flow widget <Text flow widget b'81'> attr='body' focus_attr='focus'>), ('fixed', 5, <AttrWrap flow widget <Text flow widget b'70'> attr='body' focus_attr='focus'>)]
CRITICAL [2012-08-20 23:59:29,378] [('fixed', 5, <AttrWrap flow widget <Text flow widget b'84'> attr='body' focus_attr='focus'>), ('fixed', 5, <AttrWrap flow widget <Text flow widget b'78'> attr='body' focus_attr='focus'>), ('fixed', 5, <AttrWrap flow widget <Text flow widget b'39'> attr='body' focus_attr='focus'>)]
CRITICAL [2012-08-20 23:59:31,394] [('fixed', 5, <AttrWrap flow widget <Text flow widget b'76'> attr='body' focus_attr='focus'>), ('fixed', 5, <AttrWrap flow widget <Text flow widget b'10'> attr='body' focus_attr='focus'>), ('fixed', 5, <AttrWrap flow widget <Text flow widget b'91'> attr='body' focus_attr='focus'>)]
CRITICAL [2012-08-20 23:59:33,414] [('fixed', 5, <AttrWrap flow widget <Text flow widget b'83'> attr='body' focus_attr='focus'>), ('fixed', 5, <AttrWrap flow widget <Text flow widget b'29'> attr='body' focus_attr='focus'>), ('fixed', 5, <AttrWrap flow widget <Text flow widget b'38'> attr='body' focus_attr='focus'>)]
CRITICAL [2012-08-20 23:59:49,314] [('fixed', 5, <AttrWrap flow widget <Text flow widget b'23'> attr='body' focus_attr='focus'>), ('fixed', 5, <AttrWrap flow widget <Text flow widget b'34'> attr='body' focus_attr='focus'>), ('fixed', 5, <AttrWrap flow widget <Text flow widget b'33'> attr='body' focus_attr='focus'>)]
CRITICAL [2012-08-20 23:59:51,329] [('fixed', 5, <AttrWrap flow widget <Text flow widget b'90'> attr='body' focus_attr='focus'>), ('fixed', 5, <AttrWrap flow widget <Text flow widget b'66'> attr='body' focus_attr='focus'>), ('fixed', 5, <AttrWrap flow widget <Text flow widget b'7'> attr='body' focus_attr='focus'>)]
CRITICAL [2012-08-20 23:59:53,332] [('fixed', 5, <AttrWrap flow widget <Text flow widget b'98'> attr='body' focus_attr='focus'>), ('fixed', 5, <AttrWrap flow widget <Text flow widget b'28'> attr='body' focus_attr='focus'>), ('fixed', 5, <AttrWrap flow widget <Text flow widget b'23'> attr='body' focus_attr='focus'>)]
CRITICAL [2012-08-20 23:59:55,338] [('fixed', 5, <AttrWrap flow widget <Text flow widget b'33'> attr='body' focus_attr='focus'>), ('fixed', 5, <AttrWrap flow widget <Text flow widget b'91'> attr='body' focus_attr='focus'>), ('fixed', 5, <AttrWrap flow widget <Text flow widget b'10'> attr='body' focus_attr='focus'>)]
CRITICAL [2012-08-20 23:59:57,340] [('fixed', 5, <AttrWrap flow widget <Text flow widget b'19'> attr='body' focus_attr='focus'>), ('fixed', 5, <AttrWrap flow widget <Text flow widget b'28'> attr='body' focus_attr='focus'>), ('fixed', 5, <AttrWrap flow widget <Text flow widget b'54'> attr='body' focus_attr='focus'>)]
CRITICAL [2012-08-20 23:59:59,345] [('fixed', 5, <AttrWrap flow widget <Text flow widget b'12'> attr='body' focus_attr='focus'>), ('fixed', 5, <AttrWrap flow widget <Text flow widget b'10'> attr='body' focus_attr='focus'>), ('fixed', 5, <AttrWrap flow widget <Text flow widget b'38'> attr='body' focus_attr='focus'>)]
CRITICAL [2012-08-21 00:00:01,349] [('fixed', 5, <AttrWrap flow widget <Text flow widget b'84'> attr='body' focus_attr='focus'>), ('fixed', 5, <AttrWrap flow widget <Text flow widget b'85'> attr='body' focus_attr='focus'>), ('fixed', 5, <AttrWrap flow widget <Text flow widget b'21'> attr='body' focus_attr='focus'>)]
CRITICAL [2012-08-21 00:00:03,352] [('fixed', 5, <AttrWrap flow widget <Text flow widget b'41'> attr='body' focus_attr='focus'>), ('fixed', 5, <AttrWrap flow widget <Text flow widget b'45'> attr='body' focus_attr='focus'>), ('fixed', 5, <AttrWrap flow widget <Text flow widget b'44'> attr='body' focus_attr='focus'>)]
CRITICAL [2012-08-21 00:00:05,357] [('fixed', 5, <AttrWrap flow widget <Text flow widget b'95'> attr='body' focus_attr='focus'>), ('fixed', 5, <AttrWrap flow widget <Text flow widget b'57'> attr='body' focus_attr='focus'>), ('fixed', 5, <AttrWrap flow widget <Text flow widget b'16'> attr='body' focus_attr='focus'>)]
CRITICAL [2012-08-21 00:00:07,362] [('fixed', 5, <AttrWrap flow widget <Text flow widget b'78'> attr='body' focus_attr='focus'>), ('fixed', 5, <AttrWrap flow widget <Text flow widget b'8'> attr='body' focus_attr='focus'>), ('fixed', 5, <AttrWrap flow widget <Text flow widget b'92'> attr='body' focus_attr='focus'>)]
CRITICAL [2012-08-21 00:00:09,366] [('fixed', 5, <AttrWrap flow widget <Text flow widget b'28'> attr='body' focus_attr='focus'>), ('fixed', 5, <AttrWrap flow widget <Text flow widget b'78'> attr='body' focus_attr='focus'>), ('fixed', 5, <AttrWrap flow widget <Text flow widget b'95'> attr='body' focus_attr='focus'>)]
CRITICAL [2012-08-21 00:00:11,372] [('fixed', 5, <AttrWrap flow widget <Text flow widget b'69'> attr='body' focus_attr='focus'>), ('fixed', 5, <AttrWrap flow widget <Text flow widget b'89'> attr='body' focus_attr='focus'>), ('fixed', 5, <AttrWrap flow widget <Text flow widget b'28'> attr='body' focus_attr='focus'>)]
CRITICAL [2012-08-21 00:00:13,377] [('fixed', 5, <AttrWrap flow widget <Text flow widget b'42'> attr='body' focus_attr='focus'>), ('fixed', 5, <AttrWrap flow widget <Text flow widget b'8'> attr='body' focus_attr='focus'>), ('fixed', 5, <AttrWrap flow widget <Text flow widget b'47'> attr='body' focus_attr='focus'>)]
CRITICAL [2012-08-21 00:00:15,381] [('fixed', 5, <AttrWrap flow widget <Text flow widget b'64'> attr='body' focus_attr='focus'>), ('fixed', 5, <AttrWrap flow widget <Text flow widget b'91'> attr='body' focus_attr='focus'>), ('fixed', 5, <AttrWrap flow widget <Text flow widget b'60'> attr='body' focus_attr='focus'>)]
CRITICAL [2012-08-21 00:00:17,387] [('fixed', 5, <AttrWrap flow widget <Text flow widget b'92'> attr='body' focus_attr='focus'>), ('fixed', 5, <AttrWrap flow widget <Text flow widget b'6'> attr='body' focus_attr='focus'>), ('fixed', 5, <AttrWrap flow widget <Text flow widget b'76'> attr='body' focus_attr='focus'>)]
CRITICAL [2012-08-21 00:00:19,393] [('fixed', 5, <AttrWrap flow widget <Text flow widget b'51'> attr='body' focus_attr='focus'>), ('fixed', 5, <AttrWrap flow widget <Text flow widget b'53'> attr='body' focus_attr='focus'>), ('fixed', 5, <AttrWrap flow widget <Text flow widget b'96'> attr='body' focus_attr='focus'>)]
CRITICAL [2012-08-21 00:00:23,393] [('fixed', 5, <AttrWrap flow widget <Text flow widget b'85'> attr='body' focus_attr='focus'>), ('fixed', 5, <AttrWrap flow widget <Text flow widget b'37'> attr='body' focus_attr='focus'>), ('fixed', 5, <AttrWrap flow widget <Text flow widget b'2'> attr='body' focus_attr='focus'>)]
CRITICAL [2012-08-21 00:00:42,707] [('fixed', 5, <AttrWrap flow widget <Text flow widget b'30'> attr='body' focus_attr='focus'>), ('fixed', 5, <AttrWrap flow widget <Text flow widget b'44'> attr='body' focus_attr='focus'>), ('fixed', 5, <AttrWrap flow widget <Text flow widget b'47'> attr='body' focus_attr='focus'>)]
CRITICAL [2012-08-21 00:00:44,728] [('fixed', 5, <AttrWrap flow widget <Text flow widget b'7'> attr='body' focus_attr='focus'>), ('fixed', 5, <AttrWrap flow widget <Text flow widget b'18'> attr='body' focus_attr='focus'>), ('fixed', 5, <AttrWrap flow widget <Text flow widget b'2'> attr='body' focus_attr='focus'>)]
CRITICAL [2012-08-21 00:00:46,733] [('fixed', 5, <AttrWrap flow widget <Text flow widget b'20'> attr='body' focus_attr='focus'>), ('fixed', 5, <AttrWrap flow widget <Text flow widget b'60'> attr='body' focus_attr='focus'>), ('fixed', 5, <AttrWrap flow widget <Text flow widget b'53'> attr='body' focus_attr='focus'>)]
CRITICAL [2012-08-21 00:00:48,737] [('fixed', 5, <AttrWrap flow widget <Text flow widget b'39'> attr='body' focus_attr='focus'>), ('fixed', 5, <AttrWrap flow widget <Text flow widget b'45'> attr='body' focus_attr='focus'>), ('fixed', 5, <AttrWrap flow widget <Text flow widget b'9'> attr='body' focus_attr='focus'>)]
CRITICAL [2012-08-21 00:00:52,255] [('fixed', 5, <AttrWrap flow widget <Text flow widget b'83'> attr='body' focus_attr='focus'>), ('fixed', 5, <AttrWrap flow widget <Text flow widget b'98'> attr='body' focus_attr='focus'>), ('fixed', 5, <AttrWrap flow widget <Text flow widget b'32'> attr='body' focus_attr='focus'>)]
CRITICAL [2012-08-21 00:00:54,282] [('fixed', 5, <AttrWrap flow widget <Text flow widget b'16'> attr='body' focus_attr='focus'>), ('fixed', 5, <AttrWrap flow widget <Text flow widget b'72'> attr='body' focus_attr='focus'>), ('fixed', 5, <AttrWrap flow widget <Text flow widget b'66'> attr='body' focus_attr='focus'>)]
CRITICAL [2012-08-21 00:00:56,287] [('fixed', 5, <AttrWrap flow widget <Text flow widget b'52'> attr='body' focus_attr='focus'>), ('fixed', 5, <AttrWrap flow widget <Text flow widget b'29'> attr='body' focus_attr='focus'>), ('fixed', 5, <AttrWrap flow widget <Text flow widget b'70'> attr='body' focus_attr='focus'>)]
CRITICAL [2012-08-21 00:00:58,292] [('fixed', 5, <AttrWrap flow widget <Text flow widget b'38'> attr='body' focus_attr='focus'>), ('fixed', 5, <AttrWrap flow widget <Text flow widget b'35'> attr='body' focus_attr='focus'>), ('fixed', 5, <AttrWrap flow widget <Text flow widget b'19'> attr='body' focus_attr='focus'>)]
CRITICAL [2012-08-21 00:01:07,867] [('fixed', 5, <AttrWrap flow widget <Text flow widget b'28'> attr='body' focus_attr='focus'>), ('fixed', 5, <AttrWrap flow widget <Text flow widget b'94'> attr='body' focus_attr='focus'>), ('fixed', 5, <AttrWrap flow widget <Text flow widget b'97'> attr='body' focus_attr='focus'>)]
CRITICAL [2012-08-21 00:01:09,883] [('fixed', 5, <AttrWrap flow widget <Text flow widget b'84'> attr='body' focus_attr='focus'>), ('fixed', 5, <AttrWrap flow widget <Text flow widget b'7'> attr='body' focus_attr='focus'>), ('fixed', 5, <AttrWrap flow widget <Text flow widget b'91'> attr='body' focus_attr='focus'>)]
CRITICAL [2012-08-21 00:01:11,888] [('fixed', 5, <AttrWrap flow widget <Text flow widget b'16'> attr='body' focus_attr='focus'>), ('fixed', 5, <AttrWrap flow widget <Text flow widget b'50'> attr='body' focus_attr='focus'>), ('fixed', 5, <AttrWrap flow widget <Text flow widget b'82'> attr='body' focus_attr='focus'>)]
CRITICAL [2012-08-21 00:01:13,892] [('fixed', 5, <AttrWrap flow widget <Text flow widget b'42'> attr='body' focus_attr='focus'>), ('fixed', 5, <AttrWrap flow widget <Text flow widget b'50'> attr='body' focus_attr='focus'>), ('fixed', 5, <AttrWrap flow widget <Text flow widget b'70'> attr='body' focus_attr='focus'>)]
CRITICAL [2012-08-21 00:01:15,898] [('fixed', 5, <AttrWrap flow widget <Text flow widget b'27'> attr='body' focus_attr='focus'>), ('fixed', 5, <AttrWrap flow widget <Text flow widget b'77'> attr='body' focus_attr='focus'>), ('fixed', 5, <AttrWrap flow widget <Text flow widget b'33'> attr='body' focus_attr='focus'>)]
CRITICAL [2012-08-21 00:01:17,902] [('fixed', 5, <AttrWrap flow widget <Text flow widget b'56'> attr='body' focus_attr='focus'>), ('fixed', 5, <AttrWrap flow widget <Text flow widget b'1'> attr='body' focus_attr='focus'>), ('fixed', 5, <AttrWrap flow widget <Text flow widget b'44'> attr='body' focus_attr='focus'>)]
CRITICAL [2012-08-21 00:01:19,908] [('fixed', 5, <AttrWrap flow widget <Text flow widget b'64'> attr='body' focus_attr='focus'>), ('fixed', 5, <AttrWrap flow widget <Text flow widget b'28'> attr='body' focus_attr='focus'>), ('fixed', 5, <AttrWrap flow widget <Text flow widget b'2'> attr='body' focus_attr='focus'>)]
CRITICAL [2012-08-21 00:01:21,913] [('fixed', 5, <AttrWrap flow widget <Text flow widget b'72'> attr='body' focus_attr='focus'>), ('fixed', 5, <AttrWrap flow widget <Text flow widget b'34'> attr='body' focus_attr='focus'>), ('fixed', 5, <AttrWrap flow widget <Text flow widget b'85'> attr='body' focus_attr='focus'>)]
CRITICAL [2012-08-21 00:01:26,971] [('fixed', 5, <AttrWrap flow widget <Text flow widget b'56'> attr='body' focus_attr='focus'>), ('fixed', 5, <AttrWrap flow widget <Text flow widget b'3'> attr='body' focus_attr='focus'>), ('fixed', 5, <AttrWrap flow widget <Text flow widget b'26'> attr='body' focus_attr='focus'>)]
CRITICAL [2012-08-21 00:01:28,994] [('fixed', 5, <AttrWrap flow widget <Text flow widget b'7'> attr='body' focus_attr='focus'>), ('fixed', 5, <AttrWrap flow widget <Text flow widget b'67'> attr='body' focus_attr='focus'>), ('fixed', 5, <AttrWrap flow widget <Text flow widget b'94'> attr='body' focus_attr='focus'>)]
CRITICAL [2012-08-21 00:01:31,002] [('fixed', 5, <AttrWrap flow widget <Text flow widget b'48'> attr='body' focus_attr='focus'>), ('fixed', 5, <AttrWrap flow widget <Text flow widget b'67'> attr='body' focus_attr='focus'>), ('fixed', 5, <AttrWrap flow widget <Text flow widget b'53'> attr='body' focus_attr='focus'>)]
CRITICAL [2012-08-21 00:01:33,027] [('fixed', 5, <AttrWrap flow widget <Text flow widget b'20'> attr='body' focus_attr='focus'>), ('fixed', 5, <AttrWrap flow widget <Text flow widget b'27'> attr='body' focus_attr='focus'>), ('fixed', 5, <AttrWrap flow widget <Text flow widget b'2'> attr='body' focus_attr='focus'>)]
CRITICAL [2012-08-21 00:01:35,037] [('fixed', 5, <AttrWrap flow widget <Text flow widget b'76'> attr='body' focus_attr='focus'>), ('fixed', 5, <AttrWrap flow widget <Text flow widget b'20'> attr='body' focus_attr='focus'>), ('fixed', 5, <AttrWrap flow widget <Text flow widget b'73'> attr='body' focus_attr='focus'>)]
CRITICAL [2012-08-21 00:01:37,049] [('fixed', 5, <AttrWrap flow widget <Text flow widget b'76'> attr='body' focus_attr='focus'>), ('fixed', 5, <AttrWrap flow widget <Text flow widget b'3'> attr='body' focus_attr='focus'>), ('fixed', 5, <AttrWrap flow widget <Text flow widget b'48'> attr='body' focus_attr='focus'>)]
CRITICAL [2012-08-21 00:01:39,060] [('fixed', 5, <AttrWrap flow widget <Text flow widget b'7'> attr='body' focus_attr='focus'>), ('fixed', 5, <AttrWrap flow widget <Text flow widget b'7'> attr='body' focus_attr='focus'>), ('fixed', 5, <AttrWrap flow widget <Text flow widget b'93'> attr='body' focus_attr='focus'>)]
CRITICAL [2012-08-21 00:01:41,070] [('fixed', 5, <AttrWrap flow widget <Text flow widget b'1'> attr='body' focus_attr='focus'>), ('fixed', 5, <AttrWrap flow widget <Text flow widget b'44'> attr='body' focus_attr='focus'>), ('fixed', 5, <AttrWrap flow widget <Text flow widget b'63'> attr='body' focus_attr='focus'>)]
CRITICAL [2012-08-21 00:01:43,080] [('fixed', 5, <AttrWrap flow widget <Text flow widget b'100'> attr='body' focus_attr='focus'>), ('fixed', 5, <AttrWrap flow widget <Text flow widget b'12'> attr='body' focus_attr='focus'>), ('fixed', 5, <AttrWrap flow widget <Text flow widget b'16'> attr='body' focus_attr='focus'>)]
CRITICAL [2012-08-21 00:02:02,383] [('fixed', 5, <AttrWrap flow widget <Text flow widget b'86'> attr='body' focus_attr='focus'>), ('fixed', 5, <AttrWrap flow widget <Text flow widget b'42'> attr='body' focus_attr='focus'>), ('fixed', 5, <AttrWrap flow widget <Text flow widget b'45'> attr='body' focus_attr='focus'>)]
CRITICAL [2012-08-21 00:02:04,401] [('fixed', 5, <AttrWrap flow widget <Text flow widget b'2'> attr='body' focus_attr='focus'>), ('fixed', 5, <AttrWrap flow widget <Text flow widget b'30'> attr='body' focus_attr='focus'>), ('fixed', 5, <AttrWrap flow widget <Text flow widget b'57'> attr='body' focus_attr='focus'>)]
CRITICAL [2012-08-21 00:02:06,405] [('fixed', 5, <AttrWrap flow widget <Text flow widget b'82'> attr='body' focus_attr='focus'>), ('fixed', 5, <AttrWrap flow widget <Text flow widget b'15'> attr='body' focus_attr='focus'>), ('fixed', 5, <AttrWrap flow widget <Text flow widget b'75'> attr='body' focus_attr='focus'>)]
CRITICAL [2012-08-21 00:02:08,409] [('fixed', 5, <AttrWrap flow widget <Text flow widget b'77'> attr='body' focus_attr='focus'>), ('fixed', 5, <AttrWrap flow widget <Text flow widget b'72'> attr='body' focus_attr='focus'>), ('fixed', 5, <AttrWrap flow widget <Text flow widget b'21'> attr='body' focus_attr='focus'>)]
CRITICAL [2012-08-21 00:02:14,303] [('fixed', 5, <AttrWrap flow widget <Text flow widget b'52'> attr='body' focus_attr='focus'>), ('fixed', 5, <AttrWrap flow widget <Text flow widget b'96'> attr='body' focus_attr='focus'>), ('fixed', 5, <AttrWrap flow widget <Text flow widget b'5'> attr='body' focus_attr='focus'>)]
CRITICAL [2012-08-21 00:02:16,325] [('fixed', 5, <AttrWrap flow widget <Text flow widget b'6'> attr='body' focus_attr='focus'>), ('fixed', 5, <AttrWrap flow widget <Text flow widget b'61'> attr='body' focus_attr='focus'>), ('fixed', 5, <AttrWrap flow widget <Text flow widget b'83'> attr='body' focus_attr='focus'>)]
CRITICAL [2012-08-21 00:02:18,334] [('fixed', 5, <AttrWrap flow widget <Text flow widget b'55'> attr='body' focus_attr='focus'>), ('fixed', 5, <AttrWrap flow widget <Text flow widget b'91'> attr='body' focus_attr='focus'>), ('fixed', 5, <AttrWrap flow widget <Text flow widget b'12'> attr='body' focus_attr='focus'>)]
CRITICAL [2012-08-21 00:02:59,816] [('fixed', 5, <AttrWrap flow widget <Text flow widget b'11'> attr='body' focus_attr='focus'>), ('fixed', 5, <AttrWrap flow widget <Text flow widget b'68'> attr='body' focus_attr='focus'>), ('fixed', 5, <AttrWrap flow widget <Text flow widget b'77'> attr='body' focus_attr='focus'>)]
CRITICAL [2012-08-21 00:03:01,821] [('fixed', 5, <AttrWrap flow widget <Text flow widget b'83'> attr='body' focus_attr='focus'>), ('fixed', 5, <AttrWrap flow widget <Text flow widget b'62'> attr='body' focus_attr='focus'>), ('fixed', 5, <AttrWrap flow widget <Text flow widget b'19'> attr='body' focus_attr='focus'>)]
CRITICAL [2012-08-21 00:03:03,825] [('fixed', 5, <AttrWrap flow widget <Text flow widget b'86'> attr='body' focus_attr='focus'>), ('fixed', 5, <AttrWrap flow widget <Text flow widget b'32'> attr='body' focus_attr='focus'>), ('fixed', 5, <AttrWrap flow widget <Text flow widget b'95'> attr='body' focus_attr='focus'>)]
CRITICAL [2012-08-21 00:03:50,418] [('fixed', 5, <AttrWrap flow widget <Text flow widget b'35'> attr='body' focus_attr='focus'>), ('fixed', 5, <AttrWrap flow widget <Text flow widget b'58'> attr='body' focus_attr='focus'>), ('fixed', 5, <AttrWrap flow widget <Text flow widget b'53'> attr='body' focus_attr='focus'>)]
CRITICAL [2012-08-21 00:03:52,441] [('fixed', 5, <AttrWrap flow widget <Text flow widget b'94'> attr='body' focus_attr='focus'>), ('fixed', 5, <AttrWrap flow widget <Text flow widget b'90'> attr='body' focus_attr='focus'>), ('fixed', 5, <AttrWrap flow widget <Text flow widget b'83'> attr='body' focus_attr='focus'>)]
CRITICAL [2012-08-21 00:03:54,445] [('fixed', 5, <AttrWrap flow widget <Text flow widget b'94'> attr='body' focus_attr='focus'>), ('fixed', 5, <AttrWrap flow widget <Text flow widget b'64'> attr='body' focus_attr='focus'>), ('fixed', 5, <AttrWrap flow widget <Text flow widget b'20'> attr='body' focus_attr='focus'>)]
CRITICAL [2012-08-21 00:03:56,450] [('fixed', 5, <AttrWrap flow widget <Text flow widget b'23'> attr='body' focus_attr='focus'>), ('fixed', 5, <AttrWrap flow widget <Text flow widget b'85'> attr='body' focus_attr='focus'>), ('fixed', 5, <AttrWrap flow widget <Text flow widget b'65'> attr='body' focus_attr='focus'>)]
CRITICAL [2012-08-21 00:03:58,456] [('fixed', 5, <AttrWrap flow widget <Text flow widget b'2'> attr='body' focus_attr='focus'>), ('fixed', 5, <AttrWrap flow widget <Text flow widget b'27'> attr='body' focus_attr='focus'>), ('fixed', 5, <AttrWrap flow widget <Text flow widget b'29'> attr='body' focus_attr='focus'>)]
CRITICAL [2012-08-21 00:04:00,461] [('fixed', 5, <AttrWrap flow widget <Text flow widget b'3'> attr='body' focus_attr='focus'>), ('fixed', 5, <AttrWrap flow widget <Text flow widget b'86'> attr='body' focus_attr='focus'>), ('fixed', 5, <AttrWrap flow widget <Text flow widget b'19'> attr='body' focus_attr='focus'>)]
CRITICAL [2012-08-21 00:04:02,466] [('fixed', 5, <AttrWrap flow widget <Text flow widget b'83'> attr='body' focus_attr='focus'>), ('fixed', 5, <AttrWrap flow widget <Text flow widget b'24'> attr='body' focus_attr='focus'>), ('fixed', 5, <AttrWrap flow widget <Text flow widget b'23'> attr='body' focus_attr='focus'>)]
CRITICAL [2012-08-21 00:04:04,471] [('fixed', 5, <AttrWrap flow widget <Text flow widget b'80'> attr='body' focus_attr='focus'>), ('fixed', 5, <AttrWrap flow widget <Text flow widget b'7'> attr='body' focus_attr='focus'>), ('fixed', 5, <AttrWrap flow widget <Text flow widget b'69'> attr='body' focus_attr='focus'>)]
CRITICAL [2012-08-21 00:04:06,476] [('fixed', 5, <AttrWrap flow widget <Text flow widget b'100'> attr='body' focus_attr='focus'>), ('fixed', 5, <AttrWrap flow widget <Text flow widget b'11'> attr='body' focus_attr='focus'>), ('fixed', 5, <AttrWrap flow widget <Text flow widget b'12'> attr='body' focus_attr='focus'>)]
CRITICAL [2012-08-21 00:04:08,481] [('fixed', 5, <AttrWrap flow widget <Text flow widget b'12'> attr='body' focus_attr='focus'>), ('fixed', 5, <AttrWrap flow widget <Text flow widget b'1'> attr='body' focus_attr='focus'>), ('fixed', 5, <AttrWrap flow widget <Text flow widget b'10'> attr='body' focus_attr='focus'>)]
CRITICAL [2012-08-21 00:04:10,487] [('fixed', 5, <AttrWrap flow widget <Text flow widget b'53'> attr='body' focus_attr='focus'>), ('fixed', 5, <AttrWrap flow widget <Text flow widget b'40'> attr='body' focus_attr='focus'>), ('fixed', 5, <AttrWrap flow widget <Text flow widget b'72'> attr='body' focus_attr='focus'>)]
CRITICAL [2012-08-21 00:04:12,493] [('fixed', 5, <AttrWrap flow widget <Text flow widget b'95'> attr='body' focus_attr='focus'>), ('fixed', 5, <AttrWrap flow widget <Text flow widget b'84'> attr='body' focus_attr='focus'>), ('fixed', 5, <AttrWrap flow widget <Text flow widget b'24'> attr='body' focus_attr='focus'>)]
CRITICAL [2012-08-21 00:11:29,761] [('fixed', 5, <AttrWrap flow widget <Text flow widget b'17'> attr='body' focus_attr='focus'>), ('fixed', 5, <AttrWrap flow widget <Text flow widget b'35'> attr='body' focus_attr='focus'>), ('fixed', 5, <AttrWrap flow widget <Text flow widget b'57'> attr='body' focus_attr='focus'>)]
CRITICAL [2012-08-21 00:11:31,782] [('fixed', 5, <AttrWrap flow widget <Text flow widget b'52'> attr='body' focus_attr='focus'>), ('fixed', 5, <AttrWrap flow widget <Text flow widget b'88'> attr='body' focus_attr='focus'>), ('fixed', 5, <AttrWrap flow widget <Text flow widget b'46'> attr='body' focus_attr='focus'>)]
CRITICAL [2012-08-21 00:11:33,787] [('fixed', 5, <AttrWrap flow widget <Text flow widget b'14'> attr='body' focus_attr='focus'>), ('fixed', 5, <AttrWrap flow widget <Text flow widget b'88'> attr='body' focus_attr='focus'>), ('fixed', 5, <AttrWrap flow widget <Text flow widget b'54'> attr='body' focus_attr='focus'>)]
CRITICAL [2012-08-21 00:11:35,792] [('fixed', 5, <AttrWrap flow widget <Text flow widget b'63'> attr='body' focus_attr='focus'>), ('fixed', 5, <AttrWrap flow widget <Text flow widget b'31'> attr='body' focus_attr='focus'>), ('fixed', 5, <AttrWrap flow widget <Text flow widget b'20'> attr='body' focus_attr='focus'>)]
CRITICAL [2012-08-21 00:11:37,797] [('fixed', 5, <AttrWrap flow widget <Text flow widget b'16'> attr='body' focus_attr='focus'>), ('fixed', 5, <AttrWrap flow widget <Text flow widget b'70'> attr='body' focus_attr='focus'>), ('fixed', 5, <AttrWrap flow widget <Text flow widget b'19'> attr='body' focus_attr='focus'>)]
CRITICAL [2012-08-21 00:39:38,687] [('fixed', 5, <AttrWrap flow widget <Text flow widget b'34'> attr='body' focus_attr='focus'>), ('fixed', 5, <AttrWrap flow widget <Text flow widget b'19'> attr='body' focus_attr='focus'>), ('fixed', 5, <AttrWrap flow widget <Text flow widget b'100'> attr='body' focus_attr='focus'>)]
CRITICAL [2012-08-21 00:39:40,709] [('fixed', 5, <AttrWrap flow widget <Text flow widget b'6'> attr='body' focus_attr='focus'>), ('fixed', 5, <AttrWrap flow widget <Text flow widget b'4'> attr='body' focus_attr='focus'>), ('fixed', 5, <AttrWrap flow widget <Text flow widget b'97'> attr='body' focus_attr='focus'>)]
CRITICAL [2012-08-21 00:39:42,714] [('fixed', 5, <AttrWrap flow widget <Text flow widget b'58'> attr='body' focus_attr='focus'>), ('fixed', 5, <AttrWrap flow widget <Text flow widget b'66'> attr='body' focus_attr='focus'>), ('fixed', 5, <AttrWrap flow widget <Text flow widget b'29'> attr='body' focus_attr='focus'>)]
CRITICAL [2012-08-21 00:39:44,719] [('fixed', 5, <AttrWrap flow widget <Text flow widget b'11'> attr='body' focus_attr='focus'>), ('fixed', 5, <AttrWrap flow widget <Text flow widget b'19'> attr='body' focus_attr='focus'>), ('fixed', 5, <AttrWrap flow widget <Text flow widget b'47'> attr='body' focus_attr='focus'>)]
CRITICAL [2012-08-21 00:39:46,724] [('fixed', 5, <AttrWrap flow widget <Text flow widget b'8'> attr='body' focus_attr='focus'>), ('fixed', 5, <AttrWrap flow widget <Text flow widget b'61'> attr='body' focus_attr='focus'>), ('fixed', 5, <AttrWrap flow widget <Text flow widget b'50'> attr='body' focus_attr='focus'>)]
CRITICAL [2012-08-21 00:39:48,729] [('fixed', 5, <AttrWrap flow widget <Text flow widget b'18'> attr='body' focus_attr='focus'>), ('fixed', 5, <AttrWrap flow widget <Text flow widget b'82'> attr='body' focus_attr='focus'>), ('fixed', 5, <AttrWrap flow widget <Text flow widget b'29'> attr='body' focus_attr='focus'>)]
CRITICAL [2012-08-21 00:58:15,834] [('fixed', 5, <AttrWrap flow widget <Text flow widget b'25'> attr='body' focus_attr='focus'>), ('fixed', 5, <AttrWrap flow widget <Text flow widget b'1'> attr='body' focus_attr='focus'>), ('fixed', 5, <AttrWrap flow widget <Text flow widget b'84'> attr='body' focus_attr='focus'>)]
CRITICAL [2012-08-21 00:58:17,839] [('fixed', 5, <AttrWrap flow widget <Text flow widget b'61'> attr='body' focus_attr='focus'>), ('fixed', 5, <AttrWrap flow widget <Text flow widget b'22'> attr='body' focus_attr='focus'>), ('fixed', 5, <AttrWrap flow widget <Text flow widget b'74'> attr='body' focus_attr='focus'>)]
CRITICAL [2012-08-21 00:58:19,844] [('fixed', 5, <AttrWrap flow widget <Text flow widget b'98'> attr='body' focus_attr='focus'>), ('fixed', 5, <AttrWrap flow widget <Text flow widget b'16'> attr='body' focus_attr='focus'>), ('fixed', 5, <AttrWrap flow widget <Text flow widget b'88'> attr='body' focus_attr='focus'>)]
CRITICAL [2012-08-21 00:58:21,847] [('fixed', 5, <AttrWrap flow widget <Text flow widget b'30'> attr='body' focus_attr='focus'>), ('fixed', 5, <AttrWrap flow widget <Text flow widget b'82'> attr='body' focus_attr='focus'>), ('fixed', 5, <AttrWrap flow widget <Text flow widget b'83'> attr='body' focus_attr='focus'>)]
CRITICAL [2012-08-21 00:58:23,850] [('fixed', 5, <AttrWrap flow widget <Text flow widget b'36'> attr='body' focus_attr='focus'>), ('fixed', 5, <AttrWrap flow widget <Text flow widget b'81'> attr='body' focus_attr='focus'>), ('fixed', 5, <AttrWrap flow widget <Text flow widget b'37'> attr='body' focus_attr='focus'>)]
CRITICAL [2012-08-21 00:58:36,467] [('fixed', 5, <AttrWrap flow widget <Text flow widget b'31'> attr='body' focus_attr='focus'>), ('fixed', 5, <AttrWrap flow widget <Text flow widget b'2'> attr='body' focus_attr='focus'>), ('fixed', 5, <AttrWrap flow widget <Text flow widget b'39'> attr='body' focus_attr='focus'>)]
CRITICAL [2012-08-21 00:58:38,472] [('fixed', 5, <AttrWrap flow widget <Text flow widget b'47'> attr='body' focus_attr='focus'>), ('fixed', 5, <AttrWrap flow widget <Text flow widget b'20'> attr='body' focus_attr='focus'>), ('fixed', 5, <AttrWrap flow widget <Text flow widget b'37'> attr='body' focus_attr='focus'>)]
CRITICAL [2012-08-21 00:58:40,477] [('fixed', 5, <AttrWrap flow widget <Text flow widget b'59'> attr='body' focus_attr='focus'>), ('fixed', 5, <AttrWrap flow widget <Text flow widget b'77'> attr='body' focus_attr='focus'>), ('fixed', 5, <AttrWrap flow widget <Text flow widget b'61'> attr='body' focus_attr='focus'>)]
CRITICAL [2012-08-21 00:59:05,453] [('fixed', 5, <AttrWrap flow widget <Text flow widget b'90'> attr='body' focus_attr='focus'>), ('fixed', 5, <AttrWrap flow widget <Text flow widget b'58'> attr='body' focus_attr='focus'>), ('fixed', 5, <AttrWrap flow widget <Text flow widget b'35'> attr='body' focus_attr='focus'>)]
CRITICAL [2012-08-21 00:59:07,457] [('fixed', 5, <AttrWrap flow widget <Text flow widget b'35'> attr='body' focus_attr='focus'>), ('fixed', 5, <AttrWrap flow widget <Text flow widget b'7'> attr='body' focus_attr='focus'>), ('fixed', 5, <AttrWrap flow widget <Text flow widget b'69'> attr='body' focus_attr='focus'>)]
CRITICAL [2012-08-21 00:59:09,461] [('fixed', 5, <AttrWrap flow widget <Text flow widget b'16'> attr='body' focus_attr='focus'>), ('fixed', 5, <AttrWrap flow widget <Text flow widget b'63'> attr='body' focus_attr='focus'>), ('fixed', 5, <AttrWrap flow widget <Text flow widget b'67'> attr='body' focus_attr='focus'>)]
CRITICAL [2012-08-21 00:59:11,468] [('fixed', 5, <AttrWrap flow widget <Text flow widget b'69'> attr='body' focus_attr='focus'>), ('fixed', 5, <AttrWrap flow widget <Text flow widget b'4'> attr='body' focus_attr='focus'>), ('fixed', 5, <AttrWrap flow widget <Text flow widget b'74'> attr='body' focus_attr='focus'>)]
CRITICAL [2012-08-21 00:59:13,471] [('fixed', 5, <AttrWrap flow widget <Text flow widget b'8'> attr='body' focus_attr='focus'>), ('fixed', 5, <AttrWrap flow widget <Text flow widget b'74'> attr='body' focus_attr='focus'>), ('fixed', 5, <AttrWrap flow widget <Text flow widget b'72'> attr='body' focus_attr='focus'>)]
CRITICAL [2012-08-21 00:59:15,477] [('fixed', 5, <AttrWrap flow widget <Text flow widget b'94'> attr='body' focus_attr='focus'>), ('fixed', 5, <AttrWrap flow widget <Text flow widget b'38'> attr='body' focus_attr='focus'>), ('fixed', 5, <AttrWrap flow widget <Text flow widget b'13'> attr='body' focus_attr='focus'>)]
CRITICAL [2012-08-21 01:09:08,959] [('fixed', 5, <AttrWrap flow widget <Text flow widget b'5'> attr='body' focus_attr='focus'>), ('fixed', 5, <AttrWrap flow widget <Text flow widget b'33'> attr='body' focus_attr='focus'>), ('fixed', 5, <AttrWrap flow widget <Text flow widget b'1'> attr='body' focus_attr='focus'>)]
CRITICAL [2012-08-21 01:09:10,963] [('fixed', 5, <AttrWrap flow widget <Text flow widget b'25'> attr='body' focus_attr='focus'>), ('fixed', 5, <AttrWrap flow widget <Text flow widget b'52'> attr='body' focus_attr='focus'>), ('fixed', 5, <AttrWrap flow widget <Text flow widget b'85'> attr='body' focus_attr='focus'>)]
CRITICAL [2012-08-21 01:09:12,968] [('fixed', 5, <AttrWrap flow widget <Text flow widget b'51'> attr='body' focus_attr='focus'>), ('fixed', 5, <AttrWrap flow widget <Text flow widget b'3'> attr='body' focus_attr='focus'>), ('fixed', 5, <AttrWrap flow widget <Text flow widget b'29'> attr='body' focus_attr='focus'>)]
CRITICAL [2012-08-21 01:12:50,145] [('fixed', 5, <AttrWrap flow widget <Text flow widget b'54'> attr='body' focus_attr='focus'>), ('fixed', 5, <AttrWrap flow widget <Text flow widget b'27'> attr='body' focus_attr='focus'>), ('fixed', 5, <AttrWrap flow widget <Text flow widget b'21'> attr='body' focus_attr='focus'>)]
CRITICAL [2012-08-21 01:12:50,148] [('fixed', 5, <AttrWrap flow widget <Text flow widget b'30'> attr='body' focus_attr='focus'>), ('fixed', 5, <AttrWrap flow widget <Text flow widget b'89'> attr='body' focus_attr='focus'>), ('fixed', 5, <AttrWrap flow widget <Text flow widget b'63'> attr='body' focus_attr='focus'>)]
CRITICAL [2012-08-21 01:12:50,151] [('fixed', 5, <AttrWrap flow widget <Text flow widget b'49'> attr='body' focus_attr='focus'>), ('fixed', 5, <AttrWrap flow widget <Text flow widget b'83'> attr='body' focus_attr='focus'>), ('fixed', 5, <AttrWrap flow widget <Text flow widget b'96'> attr='body' focus_attr='focus'>)]
CRITICAL [2012-08-21 01:12:50,154] [('fixed', 5, <AttrWrap flow widget <Text flow widget b'63'> attr='body' focus_attr='focus'>), ('fixed', 5, <AttrWrap flow widget <Text flow widget b'66'> attr='body' focus_attr='focus'>), ('fixed', 5, <AttrWrap flow widget <Text flow widget b'30'> attr='body' focus_attr='focus'>)]
CRITICAL [2012-08-21 01:12:50,157] [('fixed', 5, <AttrWrap flow widget <Text flow widget b'19'> attr='body' focus_attr='focus'>), ('fixed', 5, <AttrWrap flow widget <Text flow widget b'82'> attr='body' focus_attr='focus'>), ('fixed', 5, <AttrWrap flow widget <Text flow widget b'65'> attr='body' focus_attr='focus'>)]
CRITICAL [2012-08-21 01:12:52,160] [('fixed', 5, <AttrWrap flow widget <Text flow widget b'91'> attr='body' focus_attr='focus'>), ('fixed', 5, <AttrWrap flow widget <Text flow widget b'16'> attr='body' focus_attr='focus'>), ('fixed', 5, <AttrWrap flow widget <Text flow widget b'43'> attr='body' focus_attr='focus'>)]
CRITICAL [2012-08-21 01:12:52,163] [('fixed', 5, <AttrWrap flow widget <Text flow widget b'38'> attr='body' focus_attr='focus'>), ('fixed', 5, <AttrWrap flow widget <Text flow widget b'80'> attr='body' focus_attr='focus'>), ('fixed', 5, <AttrWrap flow widget <Text flow widget b'4'> attr='body' focus_attr='focus'>)]
CRITICAL [2012-08-21 01:12:52,165] [('fixed', 5, <AttrWrap flow widget <Text flow widget b'93'> attr='body' focus_attr='focus'>), ('fixed', 5, <AttrWrap flow widget <Text flow widget b'14'> attr='body' focus_attr='focus'>), ('fixed', 5, <AttrWrap flow widget <Text flow widget b'48'> attr='body' focus_attr='focus'>)]
CRITICAL [2012-08-21 01:12:52,168] [('fixed', 5, <AttrWrap flow widget <Text flow widget b'61'> attr='body' focus_attr='focus'>), ('fixed', 5, <AttrWrap flow widget <Text flow widget b'83'> attr='body' focus_attr='focus'>), ('fixed', 5, <AttrWrap flow widget <Text flow widget b'9'> attr='body' focus_attr='focus'>)]
CRITICAL [2012-08-21 01:12:52,171] [('fixed', 5, <AttrWrap flow widget <Text flow widget b'60'> attr='body' focus_attr='focus'>), ('fixed', 5, <AttrWrap flow widget <Text flow widget b'49'> attr='body' focus_attr='focus'>), ('fixed', 5, <AttrWrap flow widget <Text flow widget b'76'> attr='body' focus_attr='focus'>)]
CRITICAL [2012-08-21 01:12:54,176] [('fixed', 5, <AttrWrap flow widget <Text flow widget b'12'> attr='body' focus_attr='focus'>), ('fixed', 5, <AttrWrap flow widget <Text flow widget b'8'> attr='body' focus_attr='focus'>), ('fixed', 5, <AttrWrap flow widget <Text flow widget b'77'> attr='body' focus_attr='focus'>)]
CRITICAL [2012-08-21 01:12:54,179] [('fixed', 5, <AttrWrap flow widget <Text flow widget b'28'> attr='body' focus_attr='focus'>), ('fixed', 5, <AttrWrap flow widget <Text flow widget b'78'> attr='body' focus_attr='focus'>), ('fixed', 5, <AttrWrap flow widget <Text flow widget b'56'> attr='body' focus_attr='focus'>)]
CRITICAL [2012-08-21 01:12:54,181] [('fixed', 5, <AttrWrap flow widget <Text flow widget b'59'> attr='body' focus_attr='focus'>), ('fixed', 5, <AttrWrap flow widget <Text flow widget b'33'> attr='body' focus_attr='focus'>), ('fixed', 5, <AttrWrap flow widget <Text flow widget b'37'> attr='body' focus_attr='focus'>)]
CRITICAL [2012-08-21 01:12:54,183] [('fixed', 5, <AttrWrap flow widget <Text flow widget b'98'> attr='body' focus_attr='focus'>), ('fixed', 5, <AttrWrap flow widget <Text flow widget b'92'> attr='body' focus_attr='focus'>), ('fixed', 5, <AttrWrap flow widget <Text flow widget b'53'> attr='body' focus_attr='focus'>)]
CRITICAL [2012-08-21 01:12:54,185] [('fixed', 5, <AttrWrap flow widget <Text flow widget b'87'> attr='body' focus_attr='focus'>), ('fixed', 5, <AttrWrap flow widget <Text flow widget b'98'> attr='body' focus_attr='focus'>), ('fixed', 5, <AttrWrap flow widget <Text flow widget b'50'> attr='body' focus_attr='focus'>)]
CRITICAL [2012-08-21 01:13:24,129] [('fixed', 5, <AttrWrap flow widget <Text flow widget b'71'> attr='body' focus_attr='focus'>), ('fixed', 5, <AttrWrap flow widget <Text flow widget b'9'> attr='body' focus_attr='focus'>), ('fixed', 5, <AttrWrap flow widget <Text flow widget b'43'> attr='body' focus_attr='focus'>)]
CRITICAL [2012-08-21 01:13:24,134] [('fixed', 5, <AttrWrap flow widget <Text flow widget b'1'> attr='body' focus_attr='focus'>), ('fixed', 5, <AttrWrap flow widget <Text flow widget b'54'> attr='body' focus_attr='focus'>), ('fixed', 5, <AttrWrap flow widget <Text flow widget b'98'> attr='body' focus_attr='focus'>)]
CRITICAL [2012-08-21 01:13:24,137] [('fixed', 5, <AttrWrap flow widget <Text flow widget b'38'> attr='body' focus_attr='focus'>), ('fixed', 5, <AttrWrap flow widget <Text flow widget b'63'> attr='body' focus_attr='focus'>), ('fixed', 5, <AttrWrap flow widget <Text flow widget b'56'> attr='body' focus_attr='focus'>)]
CRITICAL [2012-08-21 01:13:24,140] [('fixed', 5, <AttrWrap flow widget <Text flow widget b'60'> attr='body' focus_attr='focus'>), ('fixed', 5, <AttrWrap flow widget <Text flow widget b'36'> attr='body' focus_attr='focus'>), ('fixed', 5, <AttrWrap flow widget <Text flow widget b'41'> attr='body' focus_attr='focus'>)]
CRITICAL [2012-08-21 01:13:24,143] [('fixed', 5, <AttrWrap flow widget <Text flow widget b'9'> attr='body' focus_attr='focus'>), ('fixed', 5, <AttrWrap flow widget <Text flow widget b'55'> attr='body' focus_attr='focus'>), ('fixed', 5, <AttrWrap flow widget <Text flow widget b'25'> attr='body' focus_attr='focus'>)]
CRITICAL [2012-08-21 01:13:26,147] [('fixed', 5, <AttrWrap flow widget <Text flow widget b'34'> attr='body' focus_attr='focus'>), ('fixed', 5, <AttrWrap flow widget <Text flow widget b'43'> attr='body' focus_attr='focus'>), ('fixed', 5, <AttrWrap flow widget <Text flow widget b'34'> attr='body' focus_attr='focus'>)]
CRITICAL [2012-08-21 01:13:26,150] [('fixed', 5, <AttrWrap flow widget <Text flow widget b'38'> attr='body' focus_attr='focus'>), ('fixed', 5, <AttrWrap flow widget <Text flow widget b'1'> attr='body' focus_attr='focus'>), ('fixed', 5, <AttrWrap flow widget <Text flow widget b'78'> attr='body' focus_attr='focus'>)]
CRITICAL [2012-08-21 01:13:26,153] [('fixed', 5, <AttrWrap flow widget <Text flow widget b'96'> attr='body' focus_attr='focus'>), ('fixed', 5, <AttrWrap flow widget <Text flow widget b'30'> attr='body' focus_attr='focus'>), ('fixed', 5, <AttrWrap flow widget <Text flow widget b'57'> attr='body' focus_attr='focus'>)]
CRITICAL [2012-08-21 01:13:26,156] [('fixed', 5, <AttrWrap flow widget <Text flow widget b'47'> attr='body' focus_attr='focus'>), ('fixed', 5, <AttrWrap flow widget <Text flow widget b'66'> attr='body' focus_attr='focus'>), ('fixed', 5, <AttrWrap flow widget <Text flow widget b'1'> attr='body' focus_attr='focus'>)]
CRITICAL [2012-08-21 01:13:26,159] [('fixed', 5, <AttrWrap flow widget <Text flow widget b'96'> attr='body' focus_attr='focus'>), ('fixed', 5, <AttrWrap flow widget <Text flow widget b'56'> attr='body' focus_attr='focus'>), ('fixed', 5, <AttrWrap flow widget <Text flow widget b'34'> attr='body' focus_attr='focus'>)]
CRITICAL [2012-08-21 01:13:28,163] [('fixed', 5, <AttrWrap flow widget <Text flow widget b'10'> attr='body' focus_attr='focus'>), ('fixed', 5, <AttrWrap flow widget <Text flow widget b'2'> attr='body' focus_attr='focus'>), ('fixed', 5, <AttrWrap flow widget <Text flow widget b'74'> attr='body' focus_attr='focus'>)]
CRITICAL [2012-08-21 01:13:28,165] [('fixed', 5, <AttrWrap flow widget <Text flow widget b'40'> attr='body' focus_attr='focus'>), ('fixed', 5, <AttrWrap flow widget <Text flow widget b'58'> attr='body' focus_attr='focus'>), ('fixed', 5, <AttrWrap flow widget <Text flow widget b'65'> attr='body' focus_attr='focus'>)]
CRITICAL [2012-08-21 01:13:28,168] [('fixed', 5, <AttrWrap flow widget <Text flow widget b'49'> attr='body' focus_attr='focus'>), ('fixed', 5, <AttrWrap flow widget <Text flow widget b'71'> attr='body' focus_attr='focus'>), ('fixed', 5, <AttrWrap flow widget <Text flow widget b'10'> attr='body' focus_attr='focus'>)]
CRITICAL [2012-08-21 01:13:28,170] [('fixed', 5, <AttrWrap flow widget <Text flow widget b'78'> attr='body' focus_attr='focus'>), ('fixed', 5, <AttrWrap flow widget <Text flow widget b'29'> attr='body' focus_attr='focus'>), ('fixed', 5, <AttrWrap flow widget <Text flow widget b'73'> attr='body' focus_attr='focus'>)]
CRITICAL [2012-08-21 01:13:28,174] [('fixed', 5, <AttrWrap flow widget <Text flow widget b'7'> attr='body' focus_attr='focus'>), ('fixed', 5, <AttrWrap flow widget <Text flow widget b'69'> attr='body' focus_attr='focus'>), ('fixed', 5, <AttrWrap flow widget <Text flow widget b'99'> attr='body' focus_attr='focus'>)]
CRITICAL [2012-08-21 01:13:30,177] [('fixed', 5, <AttrWrap flow widget <Text flow widget b'50'> attr='body' focus_attr='focus'>), ('fixed', 5, <AttrWrap flow widget <Text flow widget b'46'> attr='body' focus_attr='focus'>), ('fixed', 5, <AttrWrap flow widget <Text flow widget b'15'> attr='body' focus_attr='focus'>)]
CRITICAL [2012-08-21 01:13:30,179] [('fixed', 5, <AttrWrap flow widget <Text flow widget b'96'> attr='body' focus_attr='focus'>), ('fixed', 5, <AttrWrap flow widget <Text flow widget b'4'> attr='body' focus_attr='focus'>), ('fixed', 5, <AttrWrap flow widget <Text flow widget b'26'> attr='body' focus_attr='focus'>)]
CRITICAL [2012-08-21 01:13:30,182] [('fixed', 5, <AttrWrap flow widget <Text flow widget b'99'> attr='body' focus_attr='focus'>), ('fixed', 5, <AttrWrap flow widget <Text flow widget b'97'> attr='body' focus_attr='focus'>), ('fixed', 5, <AttrWrap flow widget <Text flow widget b'30'> attr='body' focus_attr='focus'>)]
CRITICAL [2012-08-21 01:13:30,185] [('fixed', 5, <AttrWrap flow widget <Text flow widget b'5'> attr='body' focus_attr='focus'>), ('fixed', 5, <AttrWrap flow widget <Text flow widget b'71'> attr='body' focus_attr='focus'>), ('fixed', 5, <AttrWrap flow widget <Text flow widget b'53'> attr='body' focus_attr='focus'>)]
CRITICAL [2012-08-21 01:13:30,187] [('fixed', 5, <AttrWrap flow widget <Text flow widget b'7'> attr='body' focus_attr='focus'>), ('fixed', 5, <AttrWrap flow widget <Text flow widget b'94'> attr='body' focus_attr='focus'>), ('fixed', 5, <AttrWrap flow widget <Text flow widget b'15'> attr='body' focus_attr='focus'>)]
CRITICAL [2012-08-21 01:21:52,796] [('fixed', 5, <AttrWrap flow widget <Text flow widget b'81'> attr='body' focus_attr='focus'>)]
CRITICAL [2012-08-21 01:21:54,800] [('fixed', 5, <AttrWrap flow widget <Text flow widget b'35'> attr='body' focus_attr='focus'>)]
CRITICAL [2012-08-21 01:34:56,776] [('fixed', 5, <AttrWrap flow widget <Text flow widget b'22'> attr='body' focus_attr='focus'>)]
CRITICAL [2012-08-21 01:35:13,720] [('fixed', 5, <AttrWrap flow widget <Text flow widget b'http://wool/cgi-bin/wait.cgi'> attr='body' focus_attr='focus'>), ('fixed', 5, <AttrWrap flow widget <Text flow widget b'4'> attr='body' focus_attr='focus'>), ('fixed', 5, <AttrWrap flow widget <Text flow widget b'3'> attr='body' focus_attr='focus'>), ('fixed', 5, <AttrWrap flow widget <Text flow widget b'2s'> attr='body' focus_attr='focus'>), ('fixed', 5, <AttrWrap flow widget <Text flow widget b'373746:35:13'> attr='body' focus_attr='focus'>), ('fixed', 5, <AttrWrap flow widget <Text flow widget b'1s'> attr='body' focus_attr='focus'>)]
CRITICAL [2012-08-21 01:35:15,726] [('fixed', 5, <AttrWrap flow widget <Text flow widget b'http://wool/cgi-bin/wait.cgi'> attr='body' focus_attr='focus'>), ('fixed', 5, <AttrWrap flow widget <Text flow widget b'4'> attr='body' focus_attr='focus'>), ('fixed', 5, <AttrWrap flow widget <Text flow widget b'3'> attr='body' focus_attr='focus'>), ('fixed', 5, <AttrWrap flow widget <Text flow widget b'1s'> attr='body' focus_attr='focus'>), ('fixed', 5, <AttrWrap flow widget <Text flow widget b'1s'> attr='body' focus_attr='focus'>), ('fixed', 5, <AttrWrap flow widget <Text flow widget b'2s'> attr='body' focus_attr='focus'>)]
CRITICAL [2012-08-21 01:35:17,731] [('fixed', 5, <AttrWrap flow widget <Text flow widget b'http://wool/cgi-bin/wait.cgi'> attr='body' focus_attr='focus'>), ('fixed', 5, <AttrWrap flow widget <Text flow widget b'4'> attr='body' focus_attr='focus'>), ('fixed', 5, <AttrWrap flow widget <Text flow widget b'3'> attr='body' focus_attr='focus'>), ('fixed', 5, <AttrWrap flow widget <Text flow widget b'1s'> attr='body' focus_attr='focus'>), ('fixed', 5, <AttrWrap flow widget <Text flow widget b'1s'> attr='body' focus_attr='focus'>), ('fixed', 5, <AttrWrap flow widget <Text flow widget b'2s'> attr='body' focus_attr='focus'>)]
CRITICAL [2012-08-21 01:35:19,737] [('fixed', 5, <AttrWrap flow widget <Text flow widget b'http://wool/cgi-bin/wait.cgi'> attr='body' focus_attr='focus'>), ('fixed', 5, <AttrWrap flow widget <Text flow widget b'4'> attr='body' focus_attr='focus'>), ('fixed', 5, <AttrWrap flow widget <Text flow widget b'3'> attr='body' focus_attr='focus'>), ('fixed', 5, <AttrWrap flow widget <Text flow widget b'1s'> attr='body' focus_attr='focus'>), ('fixed', 5, <AttrWrap flow widget <Text flow widget b'1s'> attr='body' focus_attr='focus'>), ('fixed', 5, <AttrWrap flow widget <Text flow widget b'2s'> attr='body' focus_attr='focus'>)]
CRITICAL [2012-08-21 01:35:21,743] [('fixed', 5, <AttrWrap flow widget <Text flow widget b'http://wool/cgi-bin/wait.cgi'> attr='body' focus_attr='focus'>), ('fixed', 5, <AttrWrap flow widget <Text flow widget b'4'> attr='body' focus_attr='focus'>), ('fixed', 5, <AttrWrap flow widget <Text flow widget b'3'> attr='body' focus_attr='focus'>), ('fixed', 5, <AttrWrap flow widget <Text flow widget b'0s'> attr='body' focus_attr='focus'>), ('fixed', 5, <AttrWrap flow widget <Text flow widget b'0s'> attr='body' focus_attr='focus'>), ('fixed', 5, <AttrWrap flow widget <Text flow widget b'3s'> attr='body' focus_attr='focus'>)]
CRITICAL [2012-08-21 01:35:23,749] [('fixed', 5, <AttrWrap flow widget <Text flow widget b'http://wool/cgi-bin/wait.cgi'> attr='body' focus_attr='focus'>), ('fixed', 5, <AttrWrap flow widget <Text flow widget b'4'> attr='body' focus_attr='focus'>), ('fixed', 5, <AttrWrap flow widget <Text flow widget b'3'> attr='body' focus_attr='focus'>), ('fixed', 5, <AttrWrap flow widget <Text flow widget b'0s'> attr='body' focus_attr='focus'>), ('fixed', 5, <AttrWrap flow widget <Text flow widget b'0s'> attr='body' focus_attr='focus'>), ('fixed', 5, <AttrWrap flow widget <Text flow widget b'3s'> attr='body' focus_attr='focus'>)]
CRITICAL [2012-08-21 01:35:25,754] [('fixed', 5, <AttrWrap flow widget <Text flow widget b'http://wool/cgi-bin/wait.cgi'> attr='body' focus_attr='focus'>), ('fixed', 5, <AttrWrap flow widget <Text flow widget b'4'> attr='body' focus_attr='focus'>), ('fixed', 5, <AttrWrap flow widget <Text flow widget b'3'> attr='body' focus_attr='focus'>), ('fixed', 5, <AttrWrap flow widget <Text flow widget b'0s'> attr='body' focus_attr='focus'>), ('fixed', 5, <AttrWrap flow widget <Text flow widget b'0s'> attr='body' focus_attr='focus'>), ('fixed', 5, <AttrWrap flow widget <Text flow widget b'3s'> attr='body' focus_attr='focus'>)]
CRITICAL [2012-08-21 01:35:27,758] [('fixed', 5, <AttrWrap flow widget <Text flow widget b'http://wool/cgi-bin/wait.cgi'> attr='body' focus_attr='focus'>), ('fixed', 5, <AttrWrap flow widget <Text flow widget b'4'> attr='body' focus_attr='focus'>), ('fixed', 5, <AttrWrap flow widget <Text flow widget b'3'> attr='body' focus_attr='focus'>), ('fixed', 5, <AttrWrap flow widget <Text flow widget b'0s'> attr='body' focus_attr='focus'>), ('fixed', 5, <AttrWrap flow widget <Text flow widget b'0s'> attr='body' focus_attr='focus'>), ('fixed', 5, <AttrWrap flow widget <Text flow widget b'3s'> attr='body' focus_attr='focus'>)]
CRITICAL [2012-08-21 01:35:29,761] [('fixed', 5, <AttrWrap flow widget <Text flow widget b'http://wool/cgi-bin/wait.cgi'> attr='body' focus_attr='focus'>), ('fixed', 5, <AttrWrap flow widget <Text flow widget b'4'> attr='body' focus_attr='focus'>), ('fixed', 5, <AttrWrap flow widget <Text flow widget b'3'> attr='body' focus_attr='focus'>), ('fixed', 5, <AttrWrap flow widget <Text flow widget b'2s'> attr='body' focus_attr='focus'>), ('fixed', 5, <AttrWrap flow widget <Text flow widget b'2s'> attr='body' focus_attr='focus'>), ('fixed', 5, <AttrWrap flow widget <Text flow widget b'1s'> attr='body' focus_attr='focus'>)]
CRITICAL [2012-08-21 01:36:10,123] [('fixed', 5, <AttrWrap flow widget <Text flow widget b'http://wool/cgi-bin/wait.cgi'> attr='body' focus_attr='focus'>), ('fixed', 5, <AttrWrap flow widget <Text flow widget b'4'> attr='body' focus_attr='focus'>), ('fixed', 5, <AttrWrap flow widget <Text flow widget b'3'> attr='body' focus_attr='focus'>), ('fixed', 5, <AttrWrap flow widget <Text flow widget b'2s'> attr='body' focus_attr='focus'>), ('fixed', 5, <AttrWrap flow widget <Text flow widget b'373746:36:10'> attr='body' focus_attr='focus'>), ('fixed', 5, <AttrWrap flow widget <Text flow widget b'1s'> attr='body' focus_attr='focus'>)]
CRITICAL [2012-08-21 01:36:12,128] [('fixed', 5, <AttrWrap flow widget <Text flow widget b'http://wool/cgi-bin/wait.cgi'> attr='body' focus_attr='focus'>), ('fixed', 5, <AttrWrap flow widget <Text flow widget b'4'> attr='body' focus_attr='focus'>), ('fixed', 5, <AttrWrap flow widget <Text flow widget b'3'> attr='body' focus_attr='focus'>), ('fixed', 5, <AttrWrap flow widget <Text flow widget b'1s'> attr='body' focus_attr='focus'>), ('fixed', 5, <AttrWrap flow widget <Text flow widget b'1s'> attr='body' focus_attr='focus'>), ('fixed', 5, <AttrWrap flow widget <Text flow widget b'2s'> attr='body' focus_attr='focus'>)]
CRITICAL [2012-08-21 01:36:20,812] [('fixed', 5, <AttrWrap flow widget <Text flow widget b'http://wool/cgi-bin/wait.cgi'> attr='body' focus_attr='focus'>), ('fixed', 5, <AttrWrap flow widget <Text flow widget b'4'> attr='body' focus_attr='focus'>), ('fixed', 5, <AttrWrap flow widget <Text flow widget b'3'> attr='body' focus_attr='focus'>), ('fixed', 5, <AttrWrap flow widget <Text flow widget b'2s'> attr='body' focus_attr='focus'>), ('fixed', 5, <AttrWrap flow widget <Text flow widget b'373746:36:20'> attr='body' focus_attr='focus'>), ('fixed', 5, <AttrWrap flow widget <Text flow widget b'1s'> attr='body' focus_attr='focus'>)]
CRITICAL [2012-08-21 01:36:22,817] [('fixed', 5, <AttrWrap flow widget <Text flow widget b'http://wool/cgi-bin/wait.cgi'> attr='body' focus_attr='focus'>), ('fixed', 5, <AttrWrap flow widget <Text flow widget b'4'> attr='body' focus_attr='focus'>), ('fixed', 5, <AttrWrap flow widget <Text flow widget b'3'> attr='body' focus_attr='focus'>), ('fixed', 5, <AttrWrap flow widget <Text flow widget b'1s'> attr='body' focus_attr='focus'>), ('fixed', 5, <AttrWrap flow widget <Text flow widget b'1s'> attr='body' focus_attr='focus'>), ('fixed', 5, <AttrWrap flow widget <Text flow widget b'2s'> attr='body' focus_attr='focus'>)]
CRITICAL [2012-08-21 01:36:24,824] [('fixed', 5, <AttrWrap flow widget <Text flow widget b'http://wool/cgi-bin/wait.cgi'> attr='body' focus_attr='focus'>), ('fixed', 5, <AttrWrap flow widget <Text flow widget b'4'> attr='body' focus_attr='focus'>), ('fixed', 5, <AttrWrap flow widget <Text flow widget b'3'> attr='body' focus_attr='focus'>), ('fixed', 5, <AttrWrap flow widget <Text flow widget b'1s'> attr='body' focus_attr='focus'>), ('fixed', 5, <AttrWrap flow widget <Text flow widget b'1s'> attr='body' focus_attr='focus'>), ('fixed', 5, <AttrWrap flow widget <Text flow widget b'2s'> attr='body' focus_attr='focus'>)]
CRITICAL [2012-08-21 01:36:45,817] [('fixed', 5, <AttrWrap flow widget <Text flow widget b'http://wool/cgi-bin/wait.cgi'> attr='body' focus_attr='focus'>), ('fixed', 5, <AttrWrap flow widget <Text flow widget b'4'> attr='body' focus_attr='focus'>), ('fixed', 5, <AttrWrap flow widget <Text flow widget b'3'> attr='body' focus_attr='focus'>), ('fixed', 5, <AttrWrap flow widget <Text flow widget b'2s'> attr='body' focus_attr='focus'>), ('fixed', 5, <AttrWrap flow widget <Text flow widget b'373746:36:45'> attr='body' focus_attr='focus'>), ('fixed', 5, <AttrWrap flow widget <Text flow widget b'1s'> attr='body' focus_attr='focus'>)]
CRITICAL [2012-08-21 01:36:47,821] [('fixed', 5, <AttrWrap flow widget <Text flow widget b'http://wool/cgi-bin/wait.cgi'> attr='body' focus_attr='focus'>), ('fixed', 5, <AttrWrap flow widget <Text flow widget b'4'> attr='body' focus_attr='focus'>), ('fixed', 5, <AttrWrap flow widget <Text flow widget b'3'> attr='body' focus_attr='focus'>), ('fixed', 5, <AttrWrap flow widget <Text flow widget b'1s'> attr='body' focus_attr='focus'>), ('fixed', 5, <AttrWrap flow widget <Text flow widget b'1s'> attr='body' focus_attr='focus'>), ('fixed', 5, <AttrWrap flow widget <Text flow widget b'2s'> attr='body' focus_attr='focus'>)]
CRITICAL [2012-08-21 01:37:26,343] [('fixed', 5, <AttrWrap flow widget <Text flow widget b'http://wool/cgi-bin/wait.cgi'> attr='body' focus_attr='focus'>), ('fixed', 5, <AttrWrap flow widget <Text flow widget b'4'> attr='body' focus_attr='focus'>), ('fixed', 5, <AttrWrap flow widget <Text flow widget b'3'> attr='body' focus_attr='focus'>), ('fixed', 5, <AttrWrap flow widget <Text flow widget b'2s'> attr='body' focus_attr='focus'>), ('fixed', 5, <AttrWrap flow widget <Text flow widget b'373746:37:26'> attr='body' focus_attr='focus'>), ('fixed', 5, <AttrWrap flow widget <Text flow widget b'1s'> attr='body' focus_attr='focus'>)]
CRITICAL [2012-08-21 01:38:29,256] {'name': 'http://wool/cgi-bin/wait.cgi', 'rest': '3', 'when_next': '1s', 'last_received': '373746:38:29', 'last_ask': '2s', 'wait': '4'}
CRITICAL [2012-08-21 01:40:23,991] {'name': 'http://wool/cgi-bin/wait.cgi', 'rest': '3', 'when_next': '1s', 'last_received': '0', 'last_ask': '2s', 'wait': '4'}
CRITICAL [2012-08-21 01:40:25,994] {'name': 'http://wool/cgi-bin/wait.cgi', 'rest': '3', 'when_next': '2s', 'last_received': '1s', 'last_ask': '1s', 'wait': '4'}
CRITICAL [2012-08-21 01:40:33,056] {'name': 'http://wool/cgi-bin/wait.cgi', 'rest': '3', 'when_next': '1s', 'last_received': '0s', 'last_ask': '2s', 'wait': '4'}
CRITICAL [2012-08-21 01:40:35,058] {'name': 'http://wool/cgi-bin/wait.cgi', 'rest': '3', 'when_next': '2s', 'last_received': '1s', 'last_ask': '1s', 'wait': '4'}
CRITICAL [2012-08-21 01:40:49,201] {'name': 'http://wool/cgi-bin/wait.cgi', 'rest': '3', 'when_next': '1s', 'last_received': '0s', 'last_ask': '2s', 'wait': '4'}
CRITICAL [2012-08-21 01:40:51,203] {'name': 'http://wool/cgi-bin/wait.cgi', 'rest': '3', 'when_next': '2s', 'last_received': '1s', 'last_ask': '1s', 'wait': '4'}
CRITICAL [2012-08-21 01:40:53,206] {'name': 'http://wool/cgi-bin/wait.cgi', 'rest': '3', 'when_next': '2s', 'last_received': '1s', 'last_ask': '1s', 'wait': '4'}
CRITICAL [2012-08-21 01:42:03,708] {'name': 'finam.ru', 'rest': '3', 'when_next': '1s', 'last_received': '0s', 'last_ask': '2s', 'wait': '4'}
CRITICAL [2012-08-21 01:42:05,711] {'name': 'finam.ru', 'rest': '3', 'when_next': '2s', 'last_received': '1s', 'last_ask': '1s', 'wait': '4'}
CRITICAL [2012-08-21 01:44:29,562] {'name': 'fxclub::', 'rest': '3', 'when_next': '1s', 'last_received': '0s', 'last_ask': '2s', 'wait': '4'}
CRITICAL [2012-08-21 01:45:42,189] {'name': 'finam.ru', 'rest': '3', 'when_next': '1s', 'last_received': '0s', 'last_ask': '2s', 'wait': '4'}
CRITICAL [2012-08-21 01:45:44,192] {'name': 'finam.ru', 'rest': '3', 'when_next': '2s', 'last_received': '1s', 'last_ask': '1s', 'wait': '4'}
CRITICAL [2012-08-21 01:45:46,195] {'name': 'finam.ru', 'rest': '3', 'when_next': '2s', 'last_received': '1s', 'last_ask': '1s', 'wait': '4'}
CRITICAL [2012-08-21 01:45:48,199] {'name': 'finam.ru', 'rest': '3', 'when_next': '2s', 'last_received': '1s', 'last_ask': '1s', 'wait': '4'}
CRITICAL [2012-08-21 01:45:50,201] {'name': 'finam.ru', 'rest': '3', 'when_next': '3s', 'last_received': '0s', 'last_ask': '0s', 'wait': '4'}
CRITICAL [2012-08-21 01:46:28,659] {'name': 'finam.ru', 'rest': '3', 'when_next': '1s', 'last_received': '0s', 'last_ask': '2s', 'wait': '4'}
CRITICAL [2012-08-21 01:46:28,661] {'name': 'fxclub::', 'rest': '3', 'when_next': '1s', 'last_received': '0s', 'last_ask': '2s', 'wait': '4'}
CRITICAL [2012-08-21 01:46:30,664] {'name': 'finam.ru', 'rest': '3', 'when_next': '2s', 'last_received': '1s', 'last_ask': '1s', 'wait': '4'}
CRITICAL [2012-08-21 01:46:30,667] {'name': 'fxclub::', 'rest': '3', 'when_next': '2s', 'last_received': '1s', 'last_ask': '1s', 'wait': '4'}
CRITICAL [2012-08-21 01:46:32,670] {'name': 'finam.ru', 'rest': '3', 'when_next': '2s', 'last_received': '1s', 'last_ask': '1s', 'wait': '4'}
CRITICAL [2012-08-21 01:46:32,673] {'name': 'fxclub::', 'rest': '3', 'when_next': '2s', 'last_received': '1s', 'last_ask': '1s', 'wait': '4'}
CRITICAL [2012-08-21 01:46:34,676] {'name': 'finam.ru', 'rest': '3', 'when_next': '2s', 'last_received': '1s', 'last_ask': '1s', 'wait': '4'}
CRITICAL [2012-08-21 01:46:34,679] {'name': 'fxclub::', 'rest': '3', 'when_next': '2s', 'last_received': '1s', 'last_ask': '1s', 'wait': '4'}
CRITICAL [2012-08-21 01:46:36,683] {'name': 'finam.ru', 'rest': '3', 'when_next': '3s', 'last_received': '0s', 'last_ask': '0s', 'wait': '4'}
CRITICAL [2012-08-21 01:46:36,686] {'name': 'fxclub::', 'rest': '3', 'when_next': '3s', 'last_received': '0s', 'last_ask': '0s', 'wait': '4'}
CRITICAL [2012-08-21 01:46:38,705] {'name': 'finam.ru', 'rest': '3', 'when_next': '3s', 'last_received': '0s', 'last_ask': '0s', 'wait': '4'}
CRITICAL [2012-08-21 01:46:38,708] {'name': 'fxclub::', 'rest': '3', 'when_next': '3s', 'last_received': '0s', 'last_ask': '0s', 'wait': '4'}
CRITICAL [2012-08-21 01:46:40,710] {'name': 'finam.ru', 'rest': '3', 'when_next': '3s', 'last_received': '0s', 'last_ask': '0s', 'wait': '4'}
CRITICAL [2012-08-21 01:46:40,712] {'name': 'fxclub::', 'rest': '3', 'when_next': '3s', 'last_received': '0s', 'last_ask': '0s', 'wait': '4'}
CRITICAL [2012-08-21 01:47:23,294] {'name': 'finam.ru', 'rest': '3', 'when_next': '1s', 'last_received': '0s', 'last_ask': '2s', 'wait': '4'}
CRITICAL [2012-08-21 01:47:23,296] {'name': u'fxclub::', 'rest': '3', 'when_next': '1s', 'last_received': '0s', 'last_ask': '2s', 'wait': '4'}
CRITICAL [2012-08-21 02:06:57,161] {'name': 'finam.ru', 'rest': '3', 'when_next': '1s', 'last_received': '0s', 'last_ask': '2s', 'wait': '4'}
CRITICAL [2012-08-21 02:06:57,164] {'name': 'fxclub::\xd0\xb5\xd0\xb2\xd1\x80\xd0\xbe', 'rest': '3', 'when_next': '1s', 'last_received': '0s', 'last_ask': '2s', 'wait': '4'}
